Using pre-set license
Built from '2021.3/staging' branch; Version is '2021.3.9f1 (ad3870b89536) revision 11352176'; Using compiler version '192829333'; Build Type 'Release'
OS: 'Windows 11  (10.0.22621) 64bit Core' Language: 'en' Physical Memory: 16187 MB
BatchMode: 1, IsHumanControllingUs: 0, StartBugReporterOnCrash: 0, Is64bit: 1, IsPro: 1

COMMAND LINE ARGUMENTS:
C:\Program Files\Unity\Hub\Editor\2021.3.9f1\Editor\Unity.exe
-adb2
-batchMode
-noUpm
-name
AssetImportWorker0
-projectPath
C:/Dev/unity/Football Stadium 3D
-logFile
Logs/AssetImportWorker0.log
-srvPort
49248
Successfully changed project path to: C:/Dev/unity/Football Stadium 3D
C:/Dev/unity/Football Stadium 3D
[UnityMemory] Configuration Parameters - Can be set up in boot.config
    "memorysetup-bucket-allocator-granularity=16"
    "memorysetup-bucket-allocator-bucket-count=8"
    "memorysetup-bucket-allocator-block-size=33554432"
    "memorysetup-bucket-allocator-block-count=8"
    "memorysetup-main-allocator-block-size=16777216"
    "memorysetup-thread-allocator-block-size=16777216"
    "memorysetup-gfx-main-allocator-block-size=16777216"
    "memorysetup-gfx-thread-allocator-block-size=16777216"
    "memorysetup-cache-allocator-block-size=4194304"
    "memorysetup-typetree-allocator-block-size=2097152"
    "memorysetup-profiler-bucket-allocator-granularity=16"
    "memorysetup-profiler-bucket-allocator-bucket-count=8"
    "memorysetup-profiler-bucket-allocator-block-size=33554432"
    "memorysetup-profiler-bucket-allocator-block-count=8"
    "memorysetup-profiler-allocator-block-size=16777216"
    "memorysetup-profiler-editor-allocator-block-size=1048576"
    "memorysetup-temp-allocator-size-main=16777216"
    "memorysetup-job-temp-allocator-block-size=2097152"
    "memorysetup-job-temp-allocator-block-size-background=1048576"
    "memorysetup-job-temp-allocator-reduction-small-platforms=262144"
    "memorysetup-temp-allocator-size-background-worker=32768"
    "memorysetup-temp-allocator-size-job-worker=262144"
    "memorysetup-temp-allocator-size-preload-manager=33554432"
    "memorysetup-temp-allocator-size-nav-mesh-worker=65536"
    "memorysetup-temp-allocator-size-audio-worker=65536"
    "memorysetup-temp-allocator-size-cloud-worker=32768"
    "memorysetup-temp-allocator-size-gi-baking-worker=262144"
    "memorysetup-temp-allocator-size-gfx=262144"
Refreshing native plugins compatible for Editor in 124.58 ms, found 3 plugins.
Preloading 0 native plugins for Editor in 0.00 ms.
Initialize engine version: 2021.3.9f1 (ad3870b89536)
[Subsystems] Discovering subsystems at path C:/Program Files/Unity/Hub/Editor/2021.3.9f1/Editor/Data/Resources/UnitySubsystems
[Subsystems] Discovering subsystems at path C:/Dev/unity/Football Stadium 3D/Assets
GfxDevice: creating device client; threaded=0; jobified=0
Direct3D:
    Version:  Direct3D 11.0 [level 11.1]
    Renderer: Intel(R) UHD Graphics (ID=0x9b41)
    Vendor:   Intel
    VRAM:     8093 MB
    Driver:   27.20.100.8935
Initialize mono
Mono path[0] = 'C:/Program Files/Unity/Hub/Editor/2021.3.9f1/Editor/Data/Managed'
Mono path[1] = 'C:/Program Files/Unity/Hub/Editor/2021.3.9f1/Editor/Data/MonoBleedingEdge/lib/mono/unityjit-win32'
Mono config path = 'C:/Program Files/Unity/Hub/Editor/2021.3.9f1/Editor/Data/MonoBleedingEdge/etc'
Using monoOptions --debugger-agent=transport=dt_socket,embedding=1,server=y,suspend=n,address=127.0.0.1:56284
Begin MonoManager ReloadAssembly
Registering precompiled unity dll's ...
Register platform support module: C:/Program Files/Unity/Hub/Editor/2021.3.9f1/Editor/Data/PlaybackEngines/WebGLSupport/UnityEditor.WebGL.Extensions.dll
Register platform support module: C:/Program Files/Unity/Hub/Editor/2021.3.9f1/Editor/Data/PlaybackEngines/WindowsStandaloneSupport/UnityEditor.WindowsStandalone.Extensions.dll
Registered in 0.005588 seconds.
Native extension for WindowsStandalone target not found
Native extension for WebGL target not found
Refreshing native plugins compatible for Editor in 103.23 ms, found 3 plugins.
Preloading 0 native plugins for Editor in 0.00 ms.
Mono: successfully reloaded assembly
- Completed reload, in  0.871 seconds
Domain Reload Profiling:
	ReloadAssembly (872ms)
		BeginReloadAssembly (104ms)
			ExecutionOrderSort (0ms)
			DisableScriptedObjects (0ms)
			BackupInstance (0ms)
			ReleaseScriptingObjects (0ms)
			CreateAndSetChildDomain (1ms)
		EndReloadAssembly (604ms)
			LoadAssemblies (101ms)
			RebuildTransferFunctionScriptingTraits (0ms)
			SetupTypeCache (170ms)
			ReleaseScriptCaches (0ms)
			RebuildScriptCaches (36ms)
			SetupLoadedEditorAssemblies (333ms)
				LogAssemblyErrors (0ms)
				InitializePlatformSupportModulesInManaged (10ms)
				SetLoadedEditorAssemblies (0ms)
				RefreshPlugins (103ms)
				BeforeProcessingInitializeOnLoad (1ms)
				ProcessInitializeOnLoadAttributes (164ms)
				ProcessInitializeOnLoadMethodAttributes (54ms)
				AfterProcessingInitializeOnLoad (0ms)
				EditorAssembliesLoaded (0ms)
			ExecutionOrderSort2 (0ms)
			AwakeInstancesAfterBackupRestoration (0ms)
Platform modules already initialized, skipping
Registering precompiled user dll's ...
Registered in 0.005328 seconds.
Begin MonoManager ReloadAssembly
Symbol file LoadedFromMemory doesn't match image C:\Dev\unity\Football Stadium 3D\Library\PackageCache\com.unity.visualscripting@1.7.8\Editor\VisualScripting.Core\Dependencies\YamlDotNet\Unity.VisualScripting.YamlDotNet.dll
Symbol file LoadedFromMemory doesn't match image C:\Dev\unity\Football Stadium 3D\Library\PackageCache\com.unity.visualscripting@1.7.8\Editor\VisualScripting.Core\Dependencies\DotNetZip\Unity.VisualScripting.IonicZip.dll
Native extension for WindowsStandalone target not found
Native extension for WebGL target not found
Refreshing native plugins compatible for Editor in 0.81 ms, found 3 plugins.
Preloading 0 native plugins for Editor in 0.00 ms.
Mono: successfully reloaded assembly
Package Manager log level set to [2]
- Completed reload, in  1.671 seconds
Domain Reload Profiling:
	ReloadAssembly (1672ms)
		BeginReloadAssembly (168ms)
			ExecutionOrderSort (0ms)
			DisableScriptedObjects (8ms)
			BackupInstance (0ms)
			ReleaseScriptingObjects (0ms)
			CreateAndSetChildDomain (25ms)
		EndReloadAssembly (1316ms)
			LoadAssemblies (135ms)
			RebuildTransferFunctionScriptingTraits (0ms)
			SetupTypeCache (371ms)
			ReleaseScriptCaches (1ms)
			RebuildScriptCaches (85ms)
			SetupLoadedEditorAssemblies (639ms)
				LogAssemblyErrors (0ms)
				InitializePlatformSupportModulesInManaged (11ms)
				SetLoadedEditorAssemblies (1ms)
				RefreshPlugins (1ms)
				BeforeProcessingInitializeOnLoad (148ms)
				ProcessInitializeOnLoadAttributes (423ms)
				ProcessInitializeOnLoadMethodAttributes (46ms)
				AfterProcessingInitializeOnLoad (10ms)
				EditorAssembliesLoaded (0ms)
			ExecutionOrderSort2 (0ms)
			AwakeInstancesAfterBackupRestoration (14ms)
Platform modules already initialized, skipping
========================================================================
Worker process is ready to serve import requests
Launched and connected shader compiler UnityShaderCompiler.exe after 0.06 seconds
Refreshing native plugins compatible for Editor in 1.36 ms, found 3 plugins.
Preloading 0 native plugins for Editor in 0.00 ms.
Unloading 3503 Unused Serialized files (Serialized files now loaded: 0)
Unloading 41 unused Assets / (86.4 KB). Loaded Objects now: 3946.
Memory consumption went from 119.0 MB to 119.0 MB.
Total: 7.009300 ms (FindLiveObjects: 0.464400 ms CreateObjectMapping: 0.661200 ms MarkObjects: 5.725400 ms  DeleteObjects: 0.156300 ms)

AssetImportParameters requested are different than current active one (requested -> active):
  custom:video-decoder-ogg-theora: a1e56fd34408186e4bbccfd4996cb3dc -> 
  custom:container-muxer-webm: aa71ff27fc2769a1b78a27578f13a17b -> 
  custom:container-demuxer-webm: 4f35f7cbe854078d1ac9338744f61a02 -> 
  custom:video-encoder-webm-vp8: eb34c28f22e8b96e1ab97ce403110664 -> 
  custom:audio-encoder-webm-vorbis: bf7c407c2cedff20999df2af8eb42d56 -> 
  custom:framework-win-MediaFoundation: 216162199b28c13a410421893ffa2e32 -> 
  custom:container-demuxer-ogg: 62fdf1f143b41e24485cea50d1cbac27 -> 
  custom:video-decoder-webm-vp8: 9c59270c3fd7afecdb556c50c9e8de78 -> 
  custom:audio-decoder-ogg-vorbis: bf7c407c2cedff20999df2af8eb42d56 -> 
========================================================================
Received Import Request.
  Time since last request: 180197.214682 seconds.
  path: Assets/Readme.asset
  artifactKey: Guid(7f2c382dc2c22446db59030979f6e495) Importer(815301076,1909f56bfc062723c751e8b465ee728b)
Start importing Assets/Readme.asset using Guid(7f2c382dc2c22446db59030979f6e495) Importer(815301076,1909f56bfc062723c751e8b465ee728b)  -> (artifact id: '9990f39c3de691f85cda2915bc54e9c4') in 0.334534 seconds 
========================================================================
Received Import Request.
  Time since last request: 427.813679 seconds.
  path: Assets/Textures
  artifactKey: Guid(b1e589acbe40f564eb725281ccb6786b) Importer(815301076,1909f56bfc062723c751e8b465ee728b)
Start importing Assets/Textures using Guid(b1e589acbe40f564eb725281ccb6786b) Importer(815301076,1909f56bfc062723c751e8b465ee728b)  -> (artifact id: '1c0f9f4790056045267f614491d5c5aa') in 0.008564 seconds 
========================================================================
Received Import Request.
  Time since last request: 0.081483 seconds.
  path: Assets/Textures/football_field_tex.png
  artifactKey: Guid(08588247e64a78f40bba00bff3792816) Importer(815301076,1909f56bfc062723c751e8b465ee728b)
Start importing Assets/Textures/football_field_tex.png using Guid(08588247e64a78f40bba00bff3792816) Importer(815301076,1909f56bfc062723c751e8b465ee728b)  -> (artifact id: '470893ba761f48529d9c78c60c473e2d') in 0.136171 seconds 
========================================================================
Received Import Request.
  Time since last request: 5.248011 seconds.
  path: Assets/Prefabs
  artifactKey: Guid(a36909b0f09b6fb489a731510d95a988) Importer(815301076,1909f56bfc062723c751e8b465ee728b)
Start importing Assets/Prefabs using Guid(a36909b0f09b6fb489a731510d95a988) Importer(815301076,1909f56bfc062723c751e8b465ee728b)  -> (artifact id: '891d5aeaae53b9227924a22c3c3460de') in 0.030690 seconds 
========================================================================
Received Import Request.
  Time since last request: 0.014599 seconds.
  path: Assets/Prefabs/football_field.fbx
  artifactKey: Guid(9f52801d158adfa40b3a34e86ff81024) Importer(815301076,1909f56bfc062723c751e8b465ee728b)
Start importing Assets/Prefabs/football_field.fbx using Guid(9f52801d158adfa40b3a34e86ff81024) Importer(815301076,1909f56bfc062723c751e8b465ee728b)  -> (artifact id: 'ef98ec1206c43f2e5768e0ad7ff68950') in 0.896856 seconds 
========================================================================
Received Import Request.
  Time since last request: 1451.435741 seconds.
  path: Packages/com.unity.adaptiveperformance
  artifactKey: Guid(e7d8fe9a618b9e815e89962d4b850b64) Importer(815301076,1909f56bfc062723c751e8b465ee728b)
Start importing Packages/com.unity.adaptiveperformance using Guid(e7d8fe9a618b9e815e89962d4b850b64) Importer(815301076,1909f56bfc062723c751e8b465ee728b)  -> (artifact id: '44ef9fbd3fa0a9eb836301673ca88e95') in 0.014209 seconds 
========================================================================
Received Import Request.
  Time since last request: 0.503756 seconds.
  path: Packages/com.unity.mobile.android-logcat
  artifactKey: Guid(e057d9f7ed781db9df3c376d780b1ecf) Importer(815301076,1909f56bfc062723c751e8b465ee728b)
Start importing Packages/com.unity.mobile.android-logcat using Guid(e057d9f7ed781db9df3c376d780b1ecf) Importer(815301076,1909f56bfc062723c751e8b465ee728b)  -> (artifact id: 'c004c4931f6a423ec1a291a416e6c916') in 0.015924 seconds 
========================================================================
Received Import Request.
  Time since last request: 0.620209 seconds.
  path: Packages/com.unity.ext.nunit
  artifactKey: Guid(25a477c2f24db8778a4179421a32cc21) Importer(815301076,1909f56bfc062723c751e8b465ee728b)
Start importing Packages/com.unity.ext.nunit using Guid(25a477c2f24db8778a4179421a32cc21) Importer(815301076,1909f56bfc062723c751e8b465ee728b)  -> (artifact id: 'bef33f36b89a5a284746f1bc5605769f') in 0.013538 seconds 
========================================================================
Received Import Request.
  Time since last request: 0.587035 seconds.
  path: Packages/com.unity.ide.rider
  artifactKey: Guid(ea5aa18a49e4f29d74984ea0ea11a238) Importer(815301076,1909f56bfc062723c751e8b465ee728b)
Start importing Packages/com.unity.ide.rider using Guid(ea5aa18a49e4f29d74984ea0ea11a238) Importer(815301076,1909f56bfc062723c751e8b465ee728b)  -> (artifact id: 'de621c6b99382307b0489377b2f7421a') in 0.013019 seconds 
========================================================================
Received Import Request.
  Time since last request: 0.898587 seconds.
  path: Packages/com.unity.mobile.notifications
  artifactKey: Guid(e8a8db75d01d1c6f7f72ad56f1c57b74) Importer(815301076,1909f56bfc062723c751e8b465ee728b)
Start importing Packages/com.unity.mobile.notifications using Guid(e8a8db75d01d1c6f7f72ad56f1c57b74) Importer(815301076,1909f56bfc062723c751e8b465ee728b)  -> (artifact id: '477afeeac0f1be3988cfdbcbcfdd24b3') in 0.026702 seconds 
========================================================================
Received Import Request.
  Time since last request: 0.620479 seconds.
  path: Packages/com.unity.nuget.newtonsoft-json
  artifactKey: Guid(7e7d2b05dd6ea119ce16861d56d99a82) Importer(815301076,1909f56bfc062723c751e8b465ee728b)
Start importing Packages/com.unity.nuget.newtonsoft-json using Guid(7e7d2b05dd6ea119ce16861d56d99a82) Importer(815301076,1909f56bfc062723c751e8b465ee728b)  -> (artifact id: '58e51e9bf051a9b8b1858b5f76233e6c') in 0.012474 seconds 
========================================================================
Received Import Request.
  Time since last request: 1.137952 seconds.
  path: Packages/com.unity.services.core
  artifactKey: Guid(3c952e89bf6b2a98a63dad340d4211e2) Importer(815301076,1909f56bfc062723c751e8b465ee728b)
Start importing Packages/com.unity.services.core using Guid(3c952e89bf6b2a98a63dad340d4211e2) Importer(815301076,1909f56bfc062723c751e8b465ee728b)  -> (artifact id: 'e7cd2980685f2c5fde874204d0d565a3') in 0.013557 seconds 
========================================================================
Received Import Request.
  Time since last request: 0.928216 seconds.
  path: Packages/com.unity.subsystemregistration
  artifactKey: Guid(9b97b950bd7976cfa3f5fa2e7f0383b3) Importer(815301076,1909f56bfc062723c751e8b465ee728b)
Start importing Packages/com.unity.subsystemregistration using Guid(9b97b950bd7976cfa3f5fa2e7f0383b3) Importer(815301076,1909f56bfc062723c751e8b465ee728b)  -> (artifact id: 'f5a452b0099ed46751bb3cfb0c2a02aa') in 0.014778 seconds 
========================================================================
Received Import Request.
  Time since last request: 0.674194 seconds.
  path: Packages/com.unity.test-framework
  artifactKey: Guid(6023f2b823fc19b4e4a90875281ff117) Importer(815301076,1909f56bfc062723c751e8b465ee728b)
Start importing Packages/com.unity.test-framework using Guid(6023f2b823fc19b4e4a90875281ff117) Importer(815301076,1909f56bfc062723c751e8b465ee728b)  -> (artifact id: 'd7fa3eaee75c74043be1adbf12269771') in 0.013103 seconds 
========================================================================
Received Import Request.
  Time since last request: 0.646905 seconds.
  path: Packages/com.unity.textmeshpro
  artifactKey: Guid(cabaa672b0e3ee91fa7b6da4daab7970) Importer(815301076,1909f56bfc062723c751e8b465ee728b)
Start importing Packages/com.unity.textmeshpro using Guid(cabaa672b0e3ee91fa7b6da4daab7970) Importer(815301076,1909f56bfc062723c751e8b465ee728b)  -> (artifact id: 'bf78c780afb9309d81bfaa7bbb0b7f8c') in 0.030569 seconds 
========================================================================
Received Import Request.
  Time since last request: 0.715188 seconds.
  path: Packages/com.unity.timeline
  artifactKey: Guid(a4610cf559d77b9f256416d9ccaeac55) Importer(815301076,1909f56bfc062723c751e8b465ee728b)
Start importing Packages/com.unity.timeline using Guid(a4610cf559d77b9f256416d9ccaeac55) Importer(815301076,1909f56bfc062723c751e8b465ee728b)  -> (artifact id: '3be45df041d1e7c843b5ce010cfbbe2c') in 0.012630 seconds 
========================================================================
Received Import Request.
  Time since last request: 0.538742 seconds.
  path: Packages/com.unity.profiling.core
  artifactKey: Guid(259f1ba61fc23354e2c35fa9e35240f6) Importer(815301076,1909f56bfc062723c751e8b465ee728b)
Start importing Packages/com.unity.profiling.core using Guid(259f1ba61fc23354e2c35fa9e35240f6) Importer(815301076,1909f56bfc062723c751e8b465ee728b)  -> (artifact id: 'b4a66e69a8f2782a9ac458139718e811') in 0.010577 seconds 
========================================================================
Received Import Request.
  Time since last request: 0.690261 seconds.
  path: Packages/com.unity.ugui
  artifactKey: Guid(8f7652e09069a1943278893d4264401e) Importer(815301076,1909f56bfc062723c751e8b465ee728b)
Start importing Packages/com.unity.ugui using Guid(8f7652e09069a1943278893d4264401e) Importer(815301076,1909f56bfc062723c751e8b465ee728b)  -> (artifact id: 'b90b7ea2c5e18fe74b2f7cbcc23cfd5d') in 0.012127 seconds 
========================================================================
Received Import Request.
  Time since last request: 0.715810 seconds.
  path: Packages/com.unity.collab-proxy
  artifactKey: Guid(1adad61bfb44214ee3e887b5febc4396) Importer(815301076,1909f56bfc062723c751e8b465ee728b)
Start importing Packages/com.unity.collab-proxy using Guid(1adad61bfb44214ee3e887b5febc4396) Importer(815301076,1909f56bfc062723c751e8b465ee728b)  -> (artifact id: '4966c7e8861a7dabed8f007fd9c75804') in 0.014489 seconds 
========================================================================
Received Import Request.
  Time since last request: 0.492921 seconds.
  path: Packages/com.unity.visualscripting
  artifactKey: Guid(93868626a0cf5222c7337ca621f54253) Importer(815301076,1909f56bfc062723c751e8b465ee728b)
Start importing Packages/com.unity.visualscripting using Guid(93868626a0cf5222c7337ca621f54253) Importer(815301076,1909f56bfc062723c751e8b465ee728b)  -> (artifact id: '31b40d47ced329b356cacd2853f0b2e5') in 0.016286 seconds 
========================================================================
Received Import Request.
  Time since last request: 0.885204 seconds.
  path: Packages/com.unity.ide.vscode
  artifactKey: Guid(1c61a04a5b7737c4d16673d64be4194e) Importer(815301076,1909f56bfc062723c751e8b465ee728b)
Start importing Packages/com.unity.ide.vscode using Guid(1c61a04a5b7737c4d16673d64be4194e) Importer(815301076,1909f56bfc062723c751e8b465ee728b)  -> (artifact id: 'e94248d05651707ad8c86b4532d5ae2b') in 0.013059 seconds 
========================================================================
Received Import Request.
  Time since last request: 0.324719 seconds.
  path: Packages/com.unity.ide.visualstudio
  artifactKey: Guid(9db636ca49aa246019dd93b7c8b689f4) Importer(815301076,1909f56bfc062723c751e8b465ee728b)
Start importing Packages/com.unity.ide.visualstudio using Guid(9db636ca49aa246019dd93b7c8b689f4) Importer(815301076,1909f56bfc062723c751e8b465ee728b)  -> (artifact id: '295f79e1a9a474ca163bd91a7aba5bef') in 0.012212 seconds 
========================================================================
Received Import Request.
  Time since last request: 41.987721 seconds.
  path: Assets/SimplePoly Stadium Kit
  artifactKey: Guid(a38c4e0452101074fb6121ac3a94aa39) Importer(815301076,1909f56bfc062723c751e8b465ee728b)
Start importing Assets/SimplePoly Stadium Kit using Guid(a38c4e0452101074fb6121ac3a94aa39) Importer(815301076,1909f56bfc062723c751e8b465ee728b)  -> (artifact id: 'f19fba202b6a5826ff781d58d0943464') in 0.012853 seconds 
========================================================================
Received Import Request.
  Time since last request: 1.617888 seconds.
  path: Assets/SimplePoly Stadium Kit/Prefab
  artifactKey: Guid(ec25a0c4685ed064fa7622f118e5f5d3) Importer(815301076,1909f56bfc062723c751e8b465ee728b)
Start importing Assets/SimplePoly Stadium Kit/Prefab using Guid(ec25a0c4685ed064fa7622f118e5f5d3) Importer(815301076,1909f56bfc062723c751e8b465ee728b)  -> (artifact id: 'bff393b3d6b96029807b90482c61fcb9') in 0.012675 seconds 
========================================================================
Received Import Request.
  Time since last request: 0.005537 seconds.
  path: Assets/SimplePoly Stadium Kit/Prefab/Football Field.prefab
  artifactKey: Guid(f1f0cb954deccbf4393ce42d03c1c307) Importer(815301076,1909f56bfc062723c751e8b465ee728b)
Start importing Assets/SimplePoly Stadium Kit/Prefab/Football Field.prefab using Guid(f1f0cb954deccbf4393ce42d03c1c307) Importer(815301076,1909f56bfc062723c751e8b465ee728b)  -> (artifact id: '92ee9d350600ad7743c9e0f18805a219') in 1.210244 seconds 
========================================================================
Received Import Request.
  Time since last request: 0.000028 seconds.
  path: Assets/SimplePoly Stadium Kit/Prefab/Seating_02_blue.prefab
  artifactKey: Guid(31d1769734556ca48a58d2a1b8b14a0f) Importer(815301076,1909f56bfc062723c751e8b465ee728b)
Start importing Assets/SimplePoly Stadium Kit/Prefab/Seating_02_blue.prefab using Guid(31d1769734556ca48a58d2a1b8b14a0f) Importer(815301076,1909f56bfc062723c751e8b465ee728b)  -> (artifact id: '31591751f8406a0004571a2832d9e0ff') in 0.029607 seconds 
========================================================================
Received Import Request.
  Time since last request: 0.000037 seconds.
  path: Assets/SimplePoly Stadium Kit/Prefab/Seating_01_blue.prefab
  artifactKey: Guid(48bc73fe39f471648aa051f1f9591ec2) Importer(815301076,1909f56bfc062723c751e8b465ee728b)
Start importing Assets/SimplePoly Stadium Kit/Prefab/Seating_01_blue.prefab using Guid(48bc73fe39f471648aa051f1f9591ec2) Importer(815301076,1909f56bfc062723c751e8b465ee728b)  -> (artifact id: 'd3841fa219a2ea9e1c9faa0643433145') in 0.032161 seconds 
========================================================================
Received Import Request.
  Time since last request: 0.000019 seconds.
  path: Assets/SimplePoly Stadium Kit/Prefab/Seating_01_green.prefab
  artifactKey: Guid(31ab4e3695f1906459c5021dfcf34c7d) Importer(815301076,1909f56bfc062723c751e8b465ee728b)
Start importing Assets/SimplePoly Stadium Kit/Prefab/Seating_01_green.prefab using Guid(31ab4e3695f1906459c5021dfcf34c7d) Importer(815301076,1909f56bfc062723c751e8b465ee728b)  -> (artifact id: '1e08a50930ccf70c6278c121b8434128') in 0.028053 seconds 
========================================================================
Received Import Request.
  Time since last request: 0.000024 seconds.
  path: Assets/SimplePoly Stadium Kit/Prefab/Stadium Light.prefab
  artifactKey: Guid(1c13c231f4bae0944bdbccc092c042d3) Importer(815301076,1909f56bfc062723c751e8b465ee728b)
Start importing Assets/SimplePoly Stadium Kit/Prefab/Stadium Light.prefab using Guid(1c13c231f4bae0944bdbccc092c042d3) Importer(815301076,1909f56bfc062723c751e8b465ee728b)  -> (artifact id: 'd05ae5547a26d26fb8a6389ba1f10fe6') in 0.026827 seconds 
========================================================================
Received Import Request.
  Time since last request: 0.000023 seconds.
  path: Assets/SimplePoly Stadium Kit/Prefab/Net_02.prefab
  artifactKey: Guid(0959a69760cf0c34e9f84766d6ea27ed) Importer(815301076,1909f56bfc062723c751e8b465ee728b)
Start importing Assets/SimplePoly Stadium Kit/Prefab/Net_02.prefab using Guid(0959a69760cf0c34e9f84766d6ea27ed) Importer(815301076,1909f56bfc062723c751e8b465ee728b)  -> (artifact id: '7d58ffedff597911be605f39f5bd5ac6') in 0.025234 seconds 
========================================================================
Received Import Request.
  Time since last request: 0.000031 seconds.
  path: Assets/SimplePoly Stadium Kit/Prefab/Seating_03_green.prefab
  artifactKey: Guid(4b29308a29b26bf498f48e7e42bd7f60) Importer(815301076,1909f56bfc062723c751e8b465ee728b)
Start importing Assets/SimplePoly Stadium Kit/Prefab/Seating_03_green.prefab using Guid(4b29308a29b26bf498f48e7e42bd7f60) Importer(815301076,1909f56bfc062723c751e8b465ee728b)  -> (artifact id: '9b4dccd03785e4e064b2e53e96f31158') in 0.026348 seconds 
========================================================================
Received Import Request.
  Time since last request: 0.000042 seconds.
  path: Assets/SimplePoly Stadium Kit/Prefab/Seating_02_green.prefab
  artifactKey: Guid(1f1eb41d3aecd3547a8bfcb6ae3ff3f1) Importer(815301076,1909f56bfc062723c751e8b465ee728b)
Start importing Assets/SimplePoly Stadium Kit/Prefab/Seating_02_green.prefab using Guid(1f1eb41d3aecd3547a8bfcb6ae3ff3f1) Importer(815301076,1909f56bfc062723c751e8b465ee728b)  -> (artifact id: 'c1129cfbf8b21baf6c2cbaf09f993df0') in 0.025658 seconds 
========================================================================
Received Import Request.
  Time since last request: 0.000029 seconds.
  path: Assets/SimplePoly Stadium Kit/Prefab/Stadium Tree.prefab
  artifactKey: Guid(0744a5a5194a91e4ba63d86cadf5dab6) Importer(815301076,1909f56bfc062723c751e8b465ee728b)
Start importing Assets/SimplePoly Stadium Kit/Prefab/Stadium Tree.prefab using Guid(0744a5a5194a91e4ba63d86cadf5dab6) Importer(815301076,1909f56bfc062723c751e8b465ee728b)  -> (artifact id: 'a57d2e3f2a2cae8496c9a755b66729d3') in 0.025854 seconds 
========================================================================
Received Import Request.
  Time since last request: 0.000041 seconds.
  path: Assets/SimplePoly Stadium Kit/Prefab/Seating_03_blue.prefab
  artifactKey: Guid(fd19dd70693c57c4da182abbd18f5a0f) Importer(815301076,1909f56bfc062723c751e8b465ee728b)
Start importing Assets/SimplePoly Stadium Kit/Prefab/Seating_03_blue.prefab using Guid(fd19dd70693c57c4da182abbd18f5a0f) Importer(815301076,1909f56bfc062723c751e8b465ee728b)  -> (artifact id: 'c093eb98f3fe26c317431e823d4774a2') in 0.027376 seconds 
========================================================================
Received Import Request.
  Time since last request: 0.000026 seconds.
  path: Assets/SimplePoly Stadium Kit/Prefab/Tennis Field.prefab
  artifactKey: Guid(4d80951db6cef2445a4d7d9b121bac43) Importer(815301076,1909f56bfc062723c751e8b465ee728b)
Start importing Assets/SimplePoly Stadium Kit/Prefab/Tennis Field.prefab using Guid(4d80951db6cef2445a4d7d9b121bac43) Importer(815301076,1909f56bfc062723c751e8b465ee728b)  -> (artifact id: '3d3d7c418f559bcf8788b527aeebec62') in 0.022880 seconds 
========================================================================
Received Import Request.
  Time since last request: 0.000032 seconds.
  path: Assets/SimplePoly Stadium Kit/Prefab/Stadium Board_FootBall.prefab
  artifactKey: Guid(1924364da87495b4f93ff42b62fb756b) Importer(815301076,1909f56bfc062723c751e8b465ee728b)
Start importing Assets/SimplePoly Stadium Kit/Prefab/Stadium Board_FootBall.prefab using Guid(1924364da87495b4f93ff42b62fb756b) Importer(815301076,1909f56bfc062723c751e8b465ee728b)  -> (artifact id: '2771a496d43de625a10b8532cd2dda75') in 0.025899 seconds 
========================================================================
Received Import Request.
  Time since last request: 0.000034 seconds.
  path: Assets/SimplePoly Stadium Kit/Prefab/Stadium Board_Tennis.prefab
  artifactKey: Guid(155d66a992aa9da4a9c0b783fb271fa2) Importer(815301076,1909f56bfc062723c751e8b465ee728b)
Start importing Assets/SimplePoly Stadium Kit/Prefab/Stadium Board_Tennis.prefab using Guid(155d66a992aa9da4a9c0b783fb271fa2) Importer(815301076,1909f56bfc062723c751e8b465ee728b)  -> (artifact id: 'd9893f723d74fa17136da6c604d33146') in 0.027826 seconds 
========================================================================
Received Import Request.
  Time since last request: 1156.331693 seconds.
  path: Assets/Materials
  artifactKey: Guid(d771fef427981284ca20fe4c60437c59) Importer(815301076,1909f56bfc062723c751e8b465ee728b)
Start importing Assets/Materials using Guid(d771fef427981284ca20fe4c60437c59) Importer(815301076,1909f56bfc062723c751e8b465ee728b)  -> (artifact id: 'bdb1cc8f0c8e3c963d8a077a565f3697') in 0.014592 seconds 
========================================================================
Received Import Request.
  Time since last request: 0.000033 seconds.
  path: Assets/Materials/football_field.mat
  artifactKey: Guid(45f298c95ad426d43b2b26266afaa61f) Importer(815301076,1909f56bfc062723c751e8b465ee728b)
Start importing Assets/Materials/football_field.mat using Guid(45f298c95ad426d43b2b26266afaa61f) Importer(815301076,1909f56bfc062723c751e8b465ee728b)  -> (artifact id: '36f6c75d41646d358cbeb2faed6614d7') in 0.061066 seconds 
========================================================================
Received Import Request.
  Time since last request: 0.000033 seconds.
  path: Assets/Materials/ground_light_football_field.mat
  artifactKey: Guid(5e3fff1b856d2de4ca65dc69a5ffdeed) Importer(815301076,1909f56bfc062723c751e8b465ee728b)
Start importing Assets/Materials/ground_light_football_field.mat using Guid(5e3fff1b856d2de4ca65dc69a5ffdeed) Importer(815301076,1909f56bfc062723c751e8b465ee728b)  -> (artifact id: '76ced2e3037777b8032056c1526940d6') in 0.033126 seconds 
========================================================================
Received Import Request.
  Time since last request: 0.000032 seconds.
  path: Assets/Materials/grass_dark_football_field.mat
  artifactKey: Guid(9deee4ac7aa4b5d438211f0a1ee0af61) Importer(815301076,1909f56bfc062723c751e8b465ee728b)
Start importing Assets/Materials/grass_dark_football_field.mat using Guid(9deee4ac7aa4b5d438211f0a1ee0af61) Importer(815301076,1909f56bfc062723c751e8b465ee728b)  -> (artifact id: '250ec62a4c0befd16f74d73685aa68ad') in 0.029531 seconds 
========================================================================
Received Import Request.
  Time since last request: 0.000052 seconds.
  path: Assets/Materials/ground_dark_football_field.mat
  artifactKey: Guid(97b6750ba17de1e41bf9443df6e5ae77) Importer(815301076,1909f56bfc062723c751e8b465ee728b)
Start importing Assets/Materials/ground_dark_football_field.mat using Guid(97b6750ba17de1e41bf9443df6e5ae77) Importer(815301076,1909f56bfc062723c751e8b465ee728b)  -> (artifact id: '2c7abe99e284002654ffab85505ac6b3') in 0.030575 seconds 
========================================================================
Received Import Request.
  Time since last request: 10.664237 seconds.
  path: Assets/Materials/New Material.mat
  artifactKey: Guid(624b0153bfee9304a957a4b1f20de370) Importer(815301076,1909f56bfc062723c751e8b465ee728b)
Start importing Assets/Materials/New Material.mat using Guid(624b0153bfee9304a957a4b1f20de370) Importer(815301076,1909f56bfc062723c751e8b465ee728b)  -> (artifact id: '76103b48c83b2ae0168c7ce03cbe1c11') in 0.088158 seconds 
========================================================================
Received Import Request.
  Time since last request: 27.104718 seconds.
  path: Assets/Materials/AwayTeam.mat
  artifactKey: Guid(624b0153bfee9304a957a4b1f20de370) Importer(815301076,1909f56bfc062723c751e8b465ee728b)
Start importing Assets/Materials/AwayTeam.mat using Guid(624b0153bfee9304a957a4b1f20de370) Importer(815301076,1909f56bfc062723c751e8b465ee728b)  -> (artifact id: 'ba76a580707557aa78fa6338cd1a2b50') in 0.017848 seconds 
========================================================================
Received Import Request.
  Time since last request: 6.440067 seconds.
  path: Assets/SimplePoly Stadium Kit/Materials/Plane.mat
  artifactKey: Guid(154872ef0c2e3fb4c8cbcd7639dfe409) Importer(815301076,1909f56bfc062723c751e8b465ee728b)
Start importing Assets/SimplePoly Stadium Kit/Materials/Plane.mat using Guid(154872ef0c2e3fb4c8cbcd7639dfe409) Importer(815301076,1909f56bfc062723c751e8b465ee728b)  -> (artifact id: '1b95d4a26137e2ab37cecd680ba7259c') in 0.032457 seconds 
========================================================================
Received Import Request.
  Time since last request: 0.000023 seconds.
  path: Assets/SimplePoly Stadium Kit/Materials/Stadium_green.mat
  artifactKey: Guid(cd69a7785c0d85d44829cc3b8fc56e5e) Importer(815301076,1909f56bfc062723c751e8b465ee728b)
Start importing Assets/SimplePoly Stadium Kit/Materials/Stadium_green.mat using Guid(cd69a7785c0d85d44829cc3b8fc56e5e) Importer(815301076,1909f56bfc062723c751e8b465ee728b)  -> (artifact id: '3d836a57ea34b904b43cf204180d9986') in 0.037150 seconds 
========================================================================
Received Import Request.
  Time since last request: 233.247773 seconds.
  path: Assets/SimplePoly Stadium Kit/Models/Seating_01.fbx
  artifactKey: Guid(b09f141ed43288f438bfdd6cc3b45f80) Importer(815301076,1909f56bfc062723c751e8b465ee728b)
Start importing Assets/SimplePoly Stadium Kit/Models/Seating_01.fbx using Guid(b09f141ed43288f438bfdd6cc3b45f80) Importer(815301076,1909f56bfc062723c751e8b465ee728b)  -> (artifact id: 'ebec8b316e865b7a08ccc0641938b920') in 1.006998 seconds 
========================================================================
Received Import Request.
  Time since last request: 0.000044 seconds.
  path: Assets/SimplePoly Stadium Kit/Models/Seating_02.fbx
  artifactKey: Guid(a56367c6ff1978b4d8693e34c6a91c70) Importer(815301076,1909f56bfc062723c751e8b465ee728b)
Start importing Assets/SimplePoly Stadium Kit/Models/Seating_02.fbx using Guid(a56367c6ff1978b4d8693e34c6a91c70) Importer(815301076,1909f56bfc062723c751e8b465ee728b)  -> (artifact id: 'a4da7352d75e008e04d5da1eddeb3490') in 0.038348 seconds 
========================================================================
Received Import Request.
  Time since last request: 0.000039 seconds.
  path: Assets/SimplePoly Stadium Kit/Models/Net_02.fbx
  artifactKey: Guid(0aec48cbffb007840a4d55da42b26e2f) Importer(815301076,1909f56bfc062723c751e8b465ee728b)
Start importing Assets/SimplePoly Stadium Kit/Models/Net_02.fbx using Guid(0aec48cbffb007840a4d55da42b26e2f) Importer(815301076,1909f56bfc062723c751e8b465ee728b)  -> (artifact id: '17341f469567d497976b8c5700f67c3e') in 0.026828 seconds 
========================================================================
Received Import Request.
  Time since last request: 0.000028 seconds.
  path: Assets/SimplePoly Stadium Kit/Models/Net_01.fbx
  artifactKey: Guid(0c126b0e37cd92a439ea88d4f3d07262) Importer(815301076,1909f56bfc062723c751e8b465ee728b)
Start importing Assets/SimplePoly Stadium Kit/Models/Net_01.fbx using Guid(0c126b0e37cd92a439ea88d4f3d07262) Importer(815301076,1909f56bfc062723c751e8b465ee728b)  -> (artifact id: '592f450e827a46aa2d3824bad65cad4e') in 0.031981 seconds 
========================================================================
Received Import Request.
  Time since last request: 0.000028 seconds.
  path: Assets/SimplePoly Stadium Kit/Models/Stadium Light.fbx
  artifactKey: Guid(4d141b34b827628499b049a4b6e97f84) Importer(815301076,1909f56bfc062723c751e8b465ee728b)
Start importing Assets/SimplePoly Stadium Kit/Models/Stadium Light.fbx using Guid(4d141b34b827628499b049a4b6e97f84) Importer(815301076,1909f56bfc062723c751e8b465ee728b)  -> (artifact id: '0142d9458a69e5bf14b6a9ee105e853c') in 0.028916 seconds 
========================================================================
Received Import Request.
  Time since last request: 0.000029 seconds.
  path: Assets/SimplePoly Stadium Kit/Models/Tennis Field.fbx
  artifactKey: Guid(94cd69ab83b749546836749f59360c67) Importer(815301076,1909f56bfc062723c751e8b465ee728b)
Start importing Assets/SimplePoly Stadium Kit/Models/Tennis Field.fbx using Guid(94cd69ab83b749546836749f59360c67) Importer(815301076,1909f56bfc062723c751e8b465ee728b)  -> (artifact id: '195781a3609940e50a9be4ca5ee566f8') in 0.029212 seconds 
========================================================================
Received Import Request.
  Time since last request: 0.000030 seconds.
  path: Assets/SimplePoly Stadium Kit/Models/Stadium Tree.fbx
  artifactKey: Guid(a0209bf6e0c69cd4b9f5b143c4fdbfa7) Importer(815301076,1909f56bfc062723c751e8b465ee728b)
Start importing Assets/SimplePoly Stadium Kit/Models/Stadium Tree.fbx using Guid(a0209bf6e0c69cd4b9f5b143c4fdbfa7) Importer(815301076,1909f56bfc062723c751e8b465ee728b)  -> (artifact id: 'a3e234ae37ecd8ef372fcda37e30b86f') in 0.025586 seconds 
========================================================================
Received Import Request.
  Time since last request: 0.000023 seconds.
  path: Assets/SimplePoly Stadium Kit/Models/Stadium Board.fbx
  artifactKey: Guid(5f3a5965a541a22409ae22017bd6ce80) Importer(815301076,1909f56bfc062723c751e8b465ee728b)
Start importing Assets/SimplePoly Stadium Kit/Models/Stadium Board.fbx using Guid(5f3a5965a541a22409ae22017bd6ce80) Importer(815301076,1909f56bfc062723c751e8b465ee728b)  -> (artifact id: '961422a0d37b1e07a7dc038446bfe6ac') in 0.031985 seconds 
========================================================================
Received Import Request.
  Time since last request: 0.000031 seconds.
  path: Assets/SimplePoly Stadium Kit/Models/Seating_03.fbx
  artifactKey: Guid(0e23e2aba8ad329409260871ac951248) Importer(815301076,1909f56bfc062723c751e8b465ee728b)
Start importing Assets/SimplePoly Stadium Kit/Models/Seating_03.fbx using Guid(0e23e2aba8ad329409260871ac951248) Importer(815301076,1909f56bfc062723c751e8b465ee728b)  -> (artifact id: 'd5294031c03dba1622d1a514be2c36bd') in 0.033397 seconds 
========================================================================
Received Import Request.
  Time since last request: 365.281575 seconds.
  path: Assets/Materials/Player.mat
  artifactKey: Guid(01deca1d2971a6a4492168fe5451dcc1) Importer(815301076,1909f56bfc062723c751e8b465ee728b)
Start importing Assets/Materials/Player.mat using Guid(01deca1d2971a6a4492168fe5451dcc1) Importer(815301076,1909f56bfc062723c751e8b465ee728b)  -> (artifact id: '336fa542b086fecb4c047c0cefb44e96') in 0.023089 seconds 
========================================================================
Received Import Request.
  Time since last request: 56.176741 seconds.
  path: Assets/Materials/New Material.mat
  artifactKey: Guid(81d3d341928d247498a125cfa32d17d9) Importer(815301076,1909f56bfc062723c751e8b465ee728b)
Start importing Assets/Materials/New Material.mat using Guid(81d3d341928d247498a125cfa32d17d9) Importer(815301076,1909f56bfc062723c751e8b465ee728b)  -> (artifact id: '9045bc8544f638cd056f316cb6355ee3') in 0.016516 seconds 
========================================================================
Received Import Request.
  Time since last request: 74.903488 seconds.
  path: Assets/Textures/Dybala.png
  artifactKey: Guid(acd36dafc3123304babec935d1de1add) Importer(815301076,1909f56bfc062723c751e8b465ee728b)
Start importing Assets/Textures/Dybala.png using Guid(acd36dafc3123304babec935d1de1add) Importer(815301076,1909f56bfc062723c751e8b465ee728b)  -> (artifact id: 'ac10cc7bd06afc9a1b562eb70d2acdae') in 0.019100 seconds 
========================================================================
Received Import Request.
  Time since last request: 1620.889102 seconds.
  path: Assets/Textures/Dybala.jpg
  artifactKey: Guid(fa497561fce8c3645ae015f5e4ced82b) Importer(815301076,1909f56bfc062723c751e8b465ee728b)
Start importing Assets/Textures/Dybala.jpg using Guid(fa497561fce8c3645ae015f5e4ced82b) Importer(815301076,1909f56bfc062723c751e8b465ee728b)  -> (artifact id: '2d61f71b62bdaac2aa9c3636fdfba8b6') in 0.019480 seconds 
========================================================================
Received Import Request.
  Time since last request: 650.223874 seconds.
  path: Assets/Prefabs/Player.prefab
  artifactKey: Guid(b51be3e74a0cf6a4ba7b1d1e5a68e5b6) Importer(815301076,1909f56bfc062723c751e8b465ee728b)
Start importing Assets/Prefabs/Player.prefab using Guid(b51be3e74a0cf6a4ba7b1d1e5a68e5b6) Importer(815301076,1909f56bfc062723c751e8b465ee728b)  -> (artifact id: 'f24a839094c5cd53a9bfdef68c0b0d39') in 0.023743 seconds 
========================================================================
Received Import Request.
  Time since last request: 56.129657 seconds.
  path: Assets/Prefabs/FlyCamera.cs
  artifactKey: Guid(ded036a106d5b7847a48e27f3c4c0ef7) Importer(815301076,1909f56bfc062723c751e8b465ee728b)
Start importing Assets/Prefabs/FlyCamera.cs using Guid(ded036a106d5b7847a48e27f3c4c0ef7) Importer(815301076,1909f56bfc062723c751e8b465ee728b)  -> (artifact id: 'c69cbff26eaaf4b681aa8bb1cab9a5ce') in 0.052480 seconds 
========================================================================
Received Prepare
Registering precompiled user dll's ...
Registered in 0.007851 seconds.
Begin MonoManager ReloadAssembly
Symbol file LoadedFromMemory doesn't match image C:\Dev\unity\Football Stadium 3D\Library\PackageCache\com.unity.visualscripting@1.7.8\Editor\VisualScripting.Core\Dependencies\YamlDotNet\Unity.VisualScripting.YamlDotNet.dll
Symbol file LoadedFromMemory doesn't match image C:\Dev\unity\Football Stadium 3D\Library\PackageCache\com.unity.visualscripting@1.7.8\Editor\VisualScripting.Core\Dependencies\DotNetZip\Unity.VisualScripting.IonicZip.dll
Native extension for WindowsStandalone target not found
Native extension for WebGL target not found
Refreshing native plugins compatible for Editor in 3.62 ms, found 3 plugins.
Preloading 0 native plugins for Editor in 0.00 ms.
Mono: successfully reloaded assembly
- Completed reload, in  5.717 seconds
Domain Reload Profiling:
	ReloadAssembly (5720ms)
		BeginReloadAssembly (3388ms)
			ExecutionOrderSort (0ms)
			DisableScriptedObjects (39ms)
			BackupInstance (0ms)
			ReleaseScriptingObjects (0ms)
			CreateAndSetChildDomain (2097ms)
		EndReloadAssembly (2131ms)
			LoadAssemblies (221ms)
			RebuildTransferFunctionScriptingTraits (0ms)
			SetupTypeCache (379ms)
			ReleaseScriptCaches (2ms)
			RebuildScriptCaches (65ms)
			SetupLoadedEditorAssemblies (1441ms)
				LogAssemblyErrors (0ms)
				InitializePlatformSupportModulesInManaged (172ms)
				SetLoadedEditorAssemblies (2ms)
				RefreshPlugins (4ms)
				BeforeProcessingInitializeOnLoad (263ms)
				ProcessInitializeOnLoadAttributes (733ms)
				ProcessInitializeOnLoadMethodAttributes (255ms)
				AfterProcessingInitializeOnLoad (11ms)
				EditorAssembliesLoaded (1ms)
			ExecutionOrderSort2 (0ms)
			AwakeInstancesAfterBackupRestoration (23ms)
Platform modules already initialized, skipping
Refreshing native plugins compatible for Editor in 5.22 ms, found 3 plugins.
Preloading 0 native plugins for Editor in 0.00 ms.
Unloading 3499 Unused Serialized files (Serialized files now loaded: 0)
Unloading 34 unused Assets / (54.5 KB). Loaded Objects now: 4000.
Memory consumption went from 124.1 MB to 124.1 MB.
Total: 5.054000 ms (FindLiveObjects: 0.338100 ms CreateObjectMapping: 0.304500 ms MarkObjects: 4.166000 ms  DeleteObjects: 0.243700 ms)

AssetImportParameters requested are different than current active one (requested -> active):
  custom:video-decoder-ogg-theora: a1e56fd34408186e4bbccfd4996cb3dc -> 
  custom:container-muxer-webm: aa71ff27fc2769a1b78a27578f13a17b -> 
  custom:container-demuxer-webm: 4f35f7cbe854078d1ac9338744f61a02 -> 
  custom:video-encoder-webm-vp8: eb34c28f22e8b96e1ab97ce403110664 -> 
  custom:audio-encoder-webm-vorbis: bf7c407c2cedff20999df2af8eb42d56 -> 
  custom:framework-win-MediaFoundation: 216162199b28c13a410421893ffa2e32 -> 
  custom:container-demuxer-ogg: 62fdf1f143b41e24485cea50d1cbac27 -> 
  custom:video-decoder-webm-vp8: 9c59270c3fd7afecdb556c50c9e8de78 -> 
  custom:audio-decoder-ogg-vorbis: bf7c407c2cedff20999df2af8eb42d56 -> 
========================================================================
Received Import Request.
  Time since last request: 155.819140 seconds.
  path: Assets/Prefabs/FlyCamera.cs
  artifactKey: Guid(ded036a106d5b7847a48e27f3c4c0ef7) Importer(815301076,1909f56bfc062723c751e8b465ee728b)
Start importing Assets/Prefabs/FlyCamera.cs using Guid(ded036a106d5b7847a48e27f3c4c0ef7) Importer(815301076,1909f56bfc062723c751e8b465ee728b)  -> (artifact id: 'e93f9be3537dca81c505a87b4906dc32') in 0.018977 seconds 
========================================================================
Received Prepare
Registering precompiled user dll's ...
Registered in 0.006730 seconds.
Begin MonoManager ReloadAssembly
Symbol file LoadedFromMemory doesn't match image C:\Dev\unity\Football Stadium 3D\Library\PackageCache\com.unity.visualscripting@1.7.8\Editor\VisualScripting.Core\Dependencies\YamlDotNet\Unity.VisualScripting.YamlDotNet.dll
Symbol file LoadedFromMemory doesn't match image C:\Dev\unity\Football Stadium 3D\Library\PackageCache\com.unity.visualscripting@1.7.8\Editor\VisualScripting.Core\Dependencies\DotNetZip\Unity.VisualScripting.IonicZip.dll
Native extension for WindowsStandalone target not found
Native extension for WebGL target not found
Refreshing native plugins compatible for Editor in 1.42 ms, found 3 plugins.
Preloading 0 native plugins for Editor in 0.00 ms.
Mono: successfully reloaded assembly
- Completed reload, in  1.607 seconds
Domain Reload Profiling:
	ReloadAssembly (1608ms)
		BeginReloadAssembly (185ms)
			ExecutionOrderSort (0ms)
			DisableScriptedObjects (8ms)
			BackupInstance (0ms)
			ReleaseScriptingObjects (0ms)
			CreateAndSetChildDomain (46ms)
		EndReloadAssembly (1247ms)
			LoadAssemblies (134ms)
			RebuildTransferFunctionScriptingTraits (0ms)
			SetupTypeCache (389ms)
			ReleaseScriptCaches (2ms)
			RebuildScriptCaches (63ms)
			SetupLoadedEditorAssemblies (589ms)
				LogAssemblyErrors (0ms)
				InitializePlatformSupportModulesInManaged (22ms)
				SetLoadedEditorAssemblies (1ms)
				RefreshPlugins (2ms)
				BeforeProcessingInitializeOnLoad (118ms)
				ProcessInitializeOnLoadAttributes (393ms)
				ProcessInitializeOnLoadMethodAttributes (45ms)
				AfterProcessingInitializeOnLoad (8ms)
				EditorAssembliesLoaded (0ms)
			ExecutionOrderSort2 (0ms)
			AwakeInstancesAfterBackupRestoration (9ms)
Platform modules already initialized, skipping
Refreshing native plugins compatible for Editor in 7.28 ms, found 3 plugins.
Preloading 0 native plugins for Editor in 0.00 ms.
Unloading 3499 Unused Serialized files (Serialized files now loaded: 0)
Unloading 34 unused Assets / (54.6 KB). Loaded Objects now: 4003.
Memory consumption went from 124.1 MB to 124.1 MB.
Total: 5.621500 ms (FindLiveObjects: 0.344500 ms CreateObjectMapping: 0.262200 ms MarkObjects: 4.876000 ms  DeleteObjects: 0.137500 ms)

AssetImportParameters requested are different than current active one (requested -> active):
  custom:video-decoder-ogg-theora: a1e56fd34408186e4bbccfd4996cb3dc -> 
  custom:container-muxer-webm: aa71ff27fc2769a1b78a27578f13a17b -> 
  custom:container-demuxer-webm: 4f35f7cbe854078d1ac9338744f61a02 -> 
  custom:video-encoder-webm-vp8: eb34c28f22e8b96e1ab97ce403110664 -> 
  custom:audio-encoder-webm-vorbis: bf7c407c2cedff20999df2af8eb42d56 -> 
  custom:framework-win-MediaFoundation: 216162199b28c13a410421893ffa2e32 -> 
  custom:container-demuxer-ogg: 62fdf1f143b41e24485cea50d1cbac27 -> 
  custom:video-decoder-webm-vp8: 9c59270c3fd7afecdb556c50c9e8de78 -> 
  custom:audio-decoder-ogg-vorbis: bf7c407c2cedff20999df2af8eb42d56 -> 
========================================================================
Received Prepare
Registering precompiled user dll's ...
Registered in 0.004777 seconds.
Begin MonoManager ReloadAssembly
Symbol file LoadedFromMemory doesn't match image C:\Dev\unity\Football Stadium 3D\Library\PackageCache\com.unity.visualscripting@1.7.8\Editor\VisualScripting.Core\Dependencies\YamlDotNet\Unity.VisualScripting.YamlDotNet.dll
Symbol file LoadedFromMemory doesn't match image C:\Dev\unity\Football Stadium 3D\Library\PackageCache\com.unity.visualscripting@1.7.8\Editor\VisualScripting.Core\Dependencies\DotNetZip\Unity.VisualScripting.IonicZip.dll
Native extension for WindowsStandalone target not found
Native extension for WebGL target not found
Refreshing native plugins compatible for Editor in 1.30 ms, found 3 plugins.
Preloading 0 native plugins for Editor in 0.00 ms.
Mono: successfully reloaded assembly
- Completed reload, in  1.808 seconds
Domain Reload Profiling:
	ReloadAssembly (1810ms)
		BeginReloadAssembly (152ms)
			ExecutionOrderSort (0ms)
			DisableScriptedObjects (8ms)
			BackupInstance (0ms)
			ReleaseScriptingObjects (0ms)
			CreateAndSetChildDomain (41ms)
		EndReloadAssembly (1522ms)
			LoadAssemblies (98ms)
			RebuildTransferFunctionScriptingTraits (0ms)
			SetupTypeCache (370ms)
			ReleaseScriptCaches (2ms)
			RebuildScriptCaches (101ms)
			SetupLoadedEditorAssemblies (793ms)
				LogAssemblyErrors (0ms)
				InitializePlatformSupportModulesInManaged (31ms)
				SetLoadedEditorAssemblies (1ms)
				RefreshPlugins (1ms)
				BeforeProcessingInitializeOnLoad (162ms)
				ProcessInitializeOnLoadAttributes (514ms)
				ProcessInitializeOnLoadMethodAttributes (70ms)
				AfterProcessingInitializeOnLoad (13ms)
				EditorAssembliesLoaded (1ms)
			ExecutionOrderSort2 (0ms)
			AwakeInstancesAfterBackupRestoration (16ms)
Platform modules already initialized, skipping
Refreshing native plugins compatible for Editor in 9.76 ms, found 3 plugins.
Preloading 0 native plugins for Editor in 0.00 ms.
Unloading 3499 Unused Serialized files (Serialized files now loaded: 0)
Unloading 34 unused Assets / (54.7 KB). Loaded Objects now: 4006.
Memory consumption went from 124.2 MB to 124.1 MB.
Total: 9.298300 ms (FindLiveObjects: 0.819600 ms CreateObjectMapping: 0.693500 ms MarkObjects: 7.561300 ms  DeleteObjects: 0.221600 ms)

AssetImportParameters requested are different than current active one (requested -> active):
  custom:video-decoder-ogg-theora: a1e56fd34408186e4bbccfd4996cb3dc -> 
  custom:container-muxer-webm: aa71ff27fc2769a1b78a27578f13a17b -> 
  custom:container-demuxer-webm: 4f35f7cbe854078d1ac9338744f61a02 -> 
  custom:video-encoder-webm-vp8: eb34c28f22e8b96e1ab97ce403110664 -> 
  custom:audio-encoder-webm-vorbis: bf7c407c2cedff20999df2af8eb42d56 -> 
  custom:framework-win-MediaFoundation: 216162199b28c13a410421893ffa2e32 -> 
  custom:container-demuxer-ogg: 62fdf1f143b41e24485cea50d1cbac27 -> 
  custom:video-decoder-webm-vp8: 9c59270c3fd7afecdb556c50c9e8de78 -> 
  custom:audio-decoder-ogg-vorbis: bf7c407c2cedff20999df2af8eb42d56 -> 
========================================================================
Received Import Request.
  Time since last request: 59.466729 seconds.
  path: Assets/Prefabs/FlyCamera.cs
  artifactKey: Guid(ded036a106d5b7847a48e27f3c4c0ef7) Importer(815301076,1909f56bfc062723c751e8b465ee728b)
Start importing Assets/Prefabs/FlyCamera.cs using Guid(ded036a106d5b7847a48e27f3c4c0ef7) Importer(815301076,1909f56bfc062723c751e8b465ee728b)  -> (artifact id: '00f636f275f85c05448569a583640fbc') in 0.008161 seconds 
========================================================================
Received Prepare
Registering precompiled user dll's ...
Registered in 0.007094 seconds.
Begin MonoManager ReloadAssembly
Symbol file LoadedFromMemory doesn't match image C:\Dev\unity\Football Stadium 3D\Library\PackageCache\com.unity.visualscripting@1.7.8\Editor\VisualScripting.Core\Dependencies\YamlDotNet\Unity.VisualScripting.YamlDotNet.dll
Symbol file LoadedFromMemory doesn't match image C:\Dev\unity\Football Stadium 3D\Library\PackageCache\com.unity.visualscripting@1.7.8\Editor\VisualScripting.Core\Dependencies\DotNetZip\Unity.VisualScripting.IonicZip.dll
Native extension for WindowsStandalone target not found
Native extension for WebGL target not found
Refreshing native plugins compatible for Editor in 0.70 ms, found 3 plugins.
Preloading 0 native plugins for Editor in 0.00 ms.
Mono: successfully reloaded assembly
- Completed reload, in  1.509 seconds
Domain Reload Profiling:
	ReloadAssembly (1511ms)
		BeginReloadAssembly (191ms)
			ExecutionOrderSort (0ms)
			DisableScriptedObjects (8ms)
			BackupInstance (0ms)
			ReleaseScriptingObjects (0ms)
			CreateAndSetChildDomain (52ms)
		EndReloadAssembly (1084ms)
			LoadAssemblies (118ms)
			RebuildTransferFunctionScriptingTraits (0ms)
			SetupTypeCache (375ms)
			ReleaseScriptCaches (2ms)
			RebuildScriptCaches (55ms)
			SetupLoadedEditorAssemblies (456ms)
				LogAssemblyErrors (0ms)
				InitializePlatformSupportModulesInManaged (21ms)
				SetLoadedEditorAssemblies (1ms)
				RefreshPlugins (1ms)
				BeforeProcessingInitializeOnLoad (89ms)
				ProcessInitializeOnLoadAttributes (287ms)
				ProcessInitializeOnLoadMethodAttributes (49ms)
				AfterProcessingInitializeOnLoad (9ms)
				EditorAssembliesLoaded (0ms)
			ExecutionOrderSort2 (0ms)
			AwakeInstancesAfterBackupRestoration (9ms)
Platform modules already initialized, skipping
Refreshing native plugins compatible for Editor in 6.48 ms, found 3 plugins.
Preloading 0 native plugins for Editor in 0.00 ms.
Unloading 3499 Unused Serialized files (Serialized files now loaded: 0)
Unloading 34 unused Assets / (54.6 KB). Loaded Objects now: 4009.
Memory consumption went from 124.2 MB to 124.1 MB.
Total: 6.382400 ms (FindLiveObjects: 0.366900 ms CreateObjectMapping: 0.281200 ms MarkObjects: 5.569900 ms  DeleteObjects: 0.162800 ms)

AssetImportParameters requested are different than current active one (requested -> active):
  custom:video-decoder-ogg-theora: a1e56fd34408186e4bbccfd4996cb3dc -> 
  custom:container-muxer-webm: aa71ff27fc2769a1b78a27578f13a17b -> 
  custom:container-demuxer-webm: 4f35f7cbe854078d1ac9338744f61a02 -> 
  custom:video-encoder-webm-vp8: eb34c28f22e8b96e1ab97ce403110664 -> 
  custom:audio-encoder-webm-vorbis: bf7c407c2cedff20999df2af8eb42d56 -> 
  custom:framework-win-MediaFoundation: 216162199b28c13a410421893ffa2e32 -> 
  custom:container-demuxer-ogg: 62fdf1f143b41e24485cea50d1cbac27 -> 
  custom:video-decoder-webm-vp8: 9c59270c3fd7afecdb556c50c9e8de78 -> 
  custom:audio-decoder-ogg-vorbis: bf7c407c2cedff20999df2af8eb42d56 -> 
========================================================================
Received Import Request.
  Time since last request: 17.242474 seconds.
  path: Assets/Prefabs/FlyCamera.cs
  artifactKey: Guid(ded036a106d5b7847a48e27f3c4c0ef7) Importer(815301076,1909f56bfc062723c751e8b465ee728b)
Start importing Assets/Prefabs/FlyCamera.cs using Guid(ded036a106d5b7847a48e27f3c4c0ef7) Importer(815301076,1909f56bfc062723c751e8b465ee728b)  -> (artifact id: '24264508e38b02f5b8b4631829718ca8') in 0.010632 seconds 
========================================================================
Received Prepare
Registering precompiled user dll's ...
Registered in 0.007421 seconds.
Begin MonoManager ReloadAssembly
Symbol file LoadedFromMemory doesn't match image C:\Dev\unity\Football Stadium 3D\Library\PackageCache\com.unity.visualscripting@1.7.8\Editor\VisualScripting.Core\Dependencies\YamlDotNet\Unity.VisualScripting.YamlDotNet.dll
Symbol file LoadedFromMemory doesn't match image C:\Dev\unity\Football Stadium 3D\Library\PackageCache\com.unity.visualscripting@1.7.8\Editor\VisualScripting.Core\Dependencies\DotNetZip\Unity.VisualScripting.IonicZip.dll
Native extension for WindowsStandalone target not found
Native extension for WebGL target not found
Refreshing native plugins compatible for Editor in 0.99 ms, found 3 plugins.
Preloading 0 native plugins for Editor in 0.00 ms.
Mono: successfully reloaded assembly
- Completed reload, in  1.321 seconds
Domain Reload Profiling:
	ReloadAssembly (1322ms)
		BeginReloadAssembly (182ms)
			ExecutionOrderSort (0ms)
			DisableScriptedObjects (11ms)
			BackupInstance (0ms)
			ReleaseScriptingObjects (0ms)
			CreateAndSetChildDomain (42ms)
		EndReloadAssembly (970ms)
			LoadAssemblies (120ms)
			RebuildTransferFunctionScriptingTraits (0ms)
			SetupTypeCache (296ms)
			ReleaseScriptCaches (2ms)
			RebuildScriptCaches (54ms)
			SetupLoadedEditorAssemblies (451ms)
				LogAssemblyErrors (0ms)
				InitializePlatformSupportModulesInManaged (18ms)
				SetLoadedEditorAssemblies (1ms)
				RefreshPlugins (1ms)
				BeforeProcessingInitializeOnLoad (90ms)
				ProcessInitializeOnLoadAttributes (293ms)
				ProcessInitializeOnLoadMethodAttributes (39ms)
				AfterProcessingInitializeOnLoad (9ms)
				EditorAssembliesLoaded (0ms)
			ExecutionOrderSort2 (0ms)
			AwakeInstancesAfterBackupRestoration (10ms)
Platform modules already initialized, skipping
Refreshing native plugins compatible for Editor in 6.42 ms, found 3 plugins.
Preloading 0 native plugins for Editor in 0.00 ms.
Unloading 3499 Unused Serialized files (Serialized files now loaded: 0)
Unloading 34 unused Assets / (54.6 KB). Loaded Objects now: 4012.
Memory consumption went from 124.2 MB to 124.1 MB.
Total: 3.686300 ms (FindLiveObjects: 0.302900 ms CreateObjectMapping: 0.200300 ms MarkObjects: 3.075100 ms  DeleteObjects: 0.106700 ms)

AssetImportParameters requested are different than current active one (requested -> active):
  custom:video-decoder-ogg-theora: a1e56fd34408186e4bbccfd4996cb3dc -> 
  custom:container-muxer-webm: aa71ff27fc2769a1b78a27578f13a17b -> 
  custom:container-demuxer-webm: 4f35f7cbe854078d1ac9338744f61a02 -> 
  custom:video-encoder-webm-vp8: eb34c28f22e8b96e1ab97ce403110664 -> 
  custom:audio-encoder-webm-vorbis: bf7c407c2cedff20999df2af8eb42d56 -> 
  custom:framework-win-MediaFoundation: 216162199b28c13a410421893ffa2e32 -> 
  custom:container-demuxer-ogg: 62fdf1f143b41e24485cea50d1cbac27 -> 
  custom:video-decoder-webm-vp8: 9c59270c3fd7afecdb556c50c9e8de78 -> 
  custom:audio-decoder-ogg-vorbis: bf7c407c2cedff20999df2af8eb42d56 -> 
========================================================================
Received Prepare
Registering precompiled user dll's ...
Registered in 0.007733 seconds.
Begin MonoManager ReloadAssembly
Symbol file LoadedFromMemory doesn't match image C:\Dev\unity\Football Stadium 3D\Library\PackageCache\com.unity.visualscripting@1.7.8\Editor\VisualScripting.Core\Dependencies\YamlDotNet\Unity.VisualScripting.YamlDotNet.dll
Symbol file LoadedFromMemory doesn't match image C:\Dev\unity\Football Stadium 3D\Library\PackageCache\com.unity.visualscripting@1.7.8\Editor\VisualScripting.Core\Dependencies\DotNetZip\Unity.VisualScripting.IonicZip.dll
Native extension for WindowsStandalone target not found
Native extension for WebGL target not found
Refreshing native plugins compatible for Editor in 1.34 ms, found 3 plugins.
Preloading 0 native plugins for Editor in 0.00 ms.
Mono: successfully reloaded assembly
- Completed reload, in  1.945 seconds
Domain Reload Profiling:
	ReloadAssembly (1946ms)
		BeginReloadAssembly (192ms)
			ExecutionOrderSort (0ms)
			DisableScriptedObjects (12ms)
			BackupInstance (0ms)
			ReleaseScriptingObjects (0ms)
			CreateAndSetChildDomain (47ms)
		EndReloadAssembly (1599ms)
			LoadAssemblies (130ms)
			RebuildTransferFunctionScriptingTraits (0ms)
			SetupTypeCache (440ms)
			ReleaseScriptCaches (2ms)
			RebuildScriptCaches (121ms)
			SetupLoadedEditorAssemblies (755ms)
				LogAssemblyErrors (0ms)
				InitializePlatformSupportModulesInManaged (33ms)
				SetLoadedEditorAssemblies (2ms)
				RefreshPlugins (1ms)
				BeforeProcessingInitializeOnLoad (152ms)
				ProcessInitializeOnLoadAttributes (477ms)
				ProcessInitializeOnLoadMethodAttributes (79ms)
				AfterProcessingInitializeOnLoad (9ms)
				EditorAssembliesLoaded (0ms)
			ExecutionOrderSort2 (0ms)
			AwakeInstancesAfterBackupRestoration (10ms)
Platform modules already initialized, skipping
Refreshing native plugins compatible for Editor in 10.74 ms, found 3 plugins.
Preloading 0 native plugins for Editor in 0.00 ms.
Unloading 3499 Unused Serialized files (Serialized files now loaded: 0)
Unloading 34 unused Assets / (53.6 KB). Loaded Objects now: 4015.
Memory consumption went from 124.2 MB to 124.1 MB.
Total: 9.033000 ms (FindLiveObjects: 0.507500 ms CreateObjectMapping: 0.597700 ms MarkObjects: 7.716600 ms  DeleteObjects: 0.208800 ms)

AssetImportParameters requested are different than current active one (requested -> active):
  custom:video-decoder-ogg-theora: a1e56fd34408186e4bbccfd4996cb3dc -> 
  custom:container-muxer-webm: aa71ff27fc2769a1b78a27578f13a17b -> 
  custom:container-demuxer-webm: 4f35f7cbe854078d1ac9338744f61a02 -> 
  custom:video-encoder-webm-vp8: eb34c28f22e8b96e1ab97ce403110664 -> 
  custom:audio-encoder-webm-vorbis: bf7c407c2cedff20999df2af8eb42d56 -> 
  custom:framework-win-MediaFoundation: 216162199b28c13a410421893ffa2e32 -> 
  custom:container-demuxer-ogg: 62fdf1f143b41e24485cea50d1cbac27 -> 
  custom:video-decoder-webm-vp8: 9c59270c3fd7afecdb556c50c9e8de78 -> 
  custom:audio-decoder-ogg-vorbis: bf7c407c2cedff20999df2af8eb42d56 -> 
========================================================================
Received Prepare
Registering precompiled user dll's ...
Registered in 0.006872 seconds.
Begin MonoManager ReloadAssembly
Symbol file LoadedFromMemory doesn't match image C:\Dev\unity\Football Stadium 3D\Library\PackageCache\com.unity.visualscripting@1.7.8\Editor\VisualScripting.Core\Dependencies\YamlDotNet\Unity.VisualScripting.YamlDotNet.dll
Symbol file LoadedFromMemory doesn't match image C:\Dev\unity\Football Stadium 3D\Library\PackageCache\com.unity.visualscripting@1.7.8\Editor\VisualScripting.Core\Dependencies\DotNetZip\Unity.VisualScripting.IonicZip.dll
Native extension for WindowsStandalone target not found
Native extension for WebGL target not found
Refreshing native plugins compatible for Editor in 2.52 ms, found 3 plugins.
Preloading 0 native plugins for Editor in 0.00 ms.
Mono: successfully reloaded assembly
- Completed reload, in  1.956 seconds
Domain Reload Profiling:
	ReloadAssembly (1958ms)
		BeginReloadAssembly (183ms)
			ExecutionOrderSort (0ms)
			DisableScriptedObjects (7ms)
			BackupInstance (0ms)
			ReleaseScriptingObjects (0ms)
			CreateAndSetChildDomain (39ms)
		EndReloadAssembly (1629ms)
			LoadAssemblies (124ms)
			RebuildTransferFunctionScriptingTraits (0ms)
			SetupTypeCache (471ms)
			ReleaseScriptCaches (3ms)
			RebuildScriptCaches (95ms)
			SetupLoadedEditorAssemblies (798ms)
				LogAssemblyErrors (0ms)
				InitializePlatformSupportModulesInManaged (24ms)
				SetLoadedEditorAssemblies (1ms)
				RefreshPlugins (3ms)
				BeforeProcessingInitializeOnLoad (154ms)
				ProcessInitializeOnLoadAttributes (527ms)
				ProcessInitializeOnLoadMethodAttributes (76ms)
				AfterProcessingInitializeOnLoad (12ms)
				EditorAssembliesLoaded (1ms)
			ExecutionOrderSort2 (0ms)
			AwakeInstancesAfterBackupRestoration (15ms)
Platform modules already initialized, skipping
Refreshing native plugins compatible for Editor in 12.76 ms, found 3 plugins.
Preloading 0 native plugins for Editor in 0.00 ms.
Unloading 3499 Unused Serialized files (Serialized files now loaded: 0)
Unloading 34 unused Assets / (53.6 KB). Loaded Objects now: 4018.
Memory consumption went from 124.2 MB to 124.1 MB.
Total: 8.162200 ms (FindLiveObjects: 0.522700 ms CreateObjectMapping: 0.560600 ms MarkObjects: 6.913000 ms  DeleteObjects: 0.163600 ms)

AssetImportParameters requested are different than current active one (requested -> active):
  custom:video-decoder-ogg-theora: a1e56fd34408186e4bbccfd4996cb3dc -> 
  custom:container-muxer-webm: aa71ff27fc2769a1b78a27578f13a17b -> 
  custom:container-demuxer-webm: 4f35f7cbe854078d1ac9338744f61a02 -> 
  custom:video-encoder-webm-vp8: eb34c28f22e8b96e1ab97ce403110664 -> 
  custom:audio-encoder-webm-vorbis: bf7c407c2cedff20999df2af8eb42d56 -> 
  custom:framework-win-MediaFoundation: 216162199b28c13a410421893ffa2e32 -> 
  custom:container-demuxer-ogg: 62fdf1f143b41e24485cea50d1cbac27 -> 
  custom:video-decoder-webm-vp8: 9c59270c3fd7afecdb556c50c9e8de78 -> 
  custom:audio-decoder-ogg-vorbis: bf7c407c2cedff20999df2af8eb42d56 -> 
========================================================================
Received Import Request.
  Time since last request: 237.103346 seconds.
  path: Assets
  artifactKey: Guid(00000000000000001000000000000000) Importer(815301076,1909f56bfc062723c751e8b465ee728b)
Start importing Assets using Guid(00000000000000001000000000000000) Importer(815301076,1909f56bfc062723c751e8b465ee728b)  -> (artifact id: '79842766b460edbeab6a34051e857a80') in 0.020481 seconds 
========================================================================
Received Import Request.
  Time since last request: 6.629071 seconds.
  path: Assets/Scripts
  artifactKey: Guid(c525630064941eb4abd934df51162f66) Importer(815301076,1909f56bfc062723c751e8b465ee728b)
Start importing Assets/Scripts using Guid(c525630064941eb4abd934df51162f66) Importer(815301076,1909f56bfc062723c751e8b465ee728b)  -> (artifact id: '770168176d8f61ef211163f5cf30e633') in 0.040215 seconds 
========================================================================
Received Prepare
Registering precompiled user dll's ...
Registered in 0.007908 seconds.
Begin MonoManager ReloadAssembly
Symbol file LoadedFromMemory doesn't match image C:\Dev\unity\Football Stadium 3D\Library\PackageCache\com.unity.visualscripting@1.7.8\Editor\VisualScripting.Core\Dependencies\YamlDotNet\Unity.VisualScripting.YamlDotNet.dll
Symbol file LoadedFromMemory doesn't match image C:\Dev\unity\Football Stadium 3D\Library\PackageCache\com.unity.visualscripting@1.7.8\Editor\VisualScripting.Core\Dependencies\DotNetZip\Unity.VisualScripting.IonicZip.dll
Native extension for WindowsStandalone target not found
Native extension for WebGL target not found
Refreshing native plugins compatible for Editor in 0.72 ms, found 3 plugins.
Preloading 0 native plugins for Editor in 0.00 ms.
Mono: successfully reloaded assembly
- Completed reload, in  1.460 seconds
Domain Reload Profiling:
	ReloadAssembly (1461ms)
		BeginReloadAssembly (150ms)
			ExecutionOrderSort (0ms)
			DisableScriptedObjects (7ms)
			BackupInstance (0ms)
			ReleaseScriptingObjects (0ms)
			CreateAndSetChildDomain (36ms)
		EndReloadAssembly (1166ms)
			LoadAssemblies (102ms)
			RebuildTransferFunctionScriptingTraits (0ms)
			SetupTypeCache (405ms)
			ReleaseScriptCaches (1ms)
			RebuildScriptCaches (89ms)
			SetupLoadedEditorAssemblies (466ms)
				LogAssemblyErrors (0ms)
				InitializePlatformSupportModulesInManaged (18ms)
				SetLoadedEditorAssemblies (1ms)
				RefreshPlugins (1ms)
				BeforeProcessingInitializeOnLoad (92ms)
				ProcessInitializeOnLoadAttributes (302ms)
				ProcessInitializeOnLoadMethodAttributes (42ms)
				AfterProcessingInitializeOnLoad (10ms)
				EditorAssembliesLoaded (0ms)
			ExecutionOrderSort2 (0ms)
			AwakeInstancesAfterBackupRestoration (9ms)
Platform modules already initialized, skipping
Refreshing native plugins compatible for Editor in 7.28 ms, found 3 plugins.
Preloading 0 native plugins for Editor in 0.00 ms.
Unloading 3499 Unused Serialized files (Serialized files now loaded: 0)
Unloading 34 unused Assets / (53.6 KB). Loaded Objects now: 4021.
Memory consumption went from 124.2 MB to 124.2 MB.
Total: 6.392300 ms (FindLiveObjects: 0.480400 ms CreateObjectMapping: 0.362300 ms MarkObjects: 5.441800 ms  DeleteObjects: 0.106000 ms)

AssetImportParameters requested are different than current active one (requested -> active):
  custom:video-decoder-ogg-theora: a1e56fd34408186e4bbccfd4996cb3dc -> 
  custom:container-muxer-webm: aa71ff27fc2769a1b78a27578f13a17b -> 
  custom:container-demuxer-webm: 4f35f7cbe854078d1ac9338744f61a02 -> 
  custom:video-encoder-webm-vp8: eb34c28f22e8b96e1ab97ce403110664 -> 
  custom:audio-encoder-webm-vorbis: bf7c407c2cedff20999df2af8eb42d56 -> 
  custom:framework-win-MediaFoundation: 216162199b28c13a410421893ffa2e32 -> 
  custom:container-demuxer-ogg: 62fdf1f143b41e24485cea50d1cbac27 -> 
  custom:video-decoder-webm-vp8: 9c59270c3fd7afecdb556c50c9e8de78 -> 
  custom:audio-decoder-ogg-vorbis: bf7c407c2cedff20999df2af8eb42d56 -> 
========================================================================
Received Import Request.
  Time since last request: 39.643163 seconds.
  path: Assets/Textures/PlayerImages
  artifactKey: Guid(72d4a44bf13a6ac4c824c322b5e89ffc) Importer(815301076,1909f56bfc062723c751e8b465ee728b)
Start importing Assets/Textures/PlayerImages using Guid(72d4a44bf13a6ac4c824c322b5e89ffc) Importer(815301076,1909f56bfc062723c751e8b465ee728b)  -> (artifact id: 'c3cc053a59f8d65cf9a6228ca4e3956a') in 0.018673 seconds 
========================================================================
Received Import Request.
  Time since last request: 20.622179 seconds.
  path: Assets/Textures/PlayerImages/BrunoFernandez.png
  artifactKey: Guid(8477a4def79cd93428efa02ac12b1bcc) Importer(815301076,1909f56bfc062723c751e8b465ee728b)
Start importing Assets/Textures/PlayerImages/BrunoFernandez.png using Guid(8477a4def79cd93428efa02ac12b1bcc) Importer(815301076,1909f56bfc062723c751e8b465ee728b)  -> (artifact id: 'fb4deabd4ed101aefe21af11fbea5395') in 0.061156 seconds 
========================================================================
Received Import Request.
  Time since last request: 4.662667 seconds.
  path: Assets/Textures/PlayerImages/Valverde.png
  artifactKey: Guid(4553eabd977441d4baec1ae89db61a2c) Importer(815301076,1909f56bfc062723c751e8b465ee728b)
Start importing Assets/Textures/PlayerImages/Valverde.png using Guid(4553eabd977441d4baec1ae89db61a2c) Importer(815301076,1909f56bfc062723c751e8b465ee728b)  -> (artifact id: '79a8394f5eba2ef23decb85ddae2c380') in 0.025424 seconds 
========================================================================
Received Import Request.
  Time since last request: 2.297177 seconds.
  path: Assets/Textures/PlayerImages/Rudiger.png
  artifactKey: Guid(fa09a64dd5c60f64baee4b5ea0743aa7) Importer(815301076,1909f56bfc062723c751e8b465ee728b)
Start importing Assets/Textures/PlayerImages/Rudiger.png using Guid(fa09a64dd5c60f64baee4b5ea0743aa7) Importer(815301076,1909f56bfc062723c751e8b465ee728b)  -> (artifact id: 'f9efb97f5973bce6c70db3fc52ca04b2') in 0.020988 seconds 
========================================================================
Received Import Request.
  Time since last request: 2.269398 seconds.
  path: Assets/Textures/PlayerImages/Cancelo.png
  artifactKey: Guid(775efec50ddda644599439e761a15eff) Importer(815301076,1909f56bfc062723c751e8b465ee728b)
Start importing Assets/Textures/PlayerImages/Cancelo.png using Guid(775efec50ddda644599439e761a15eff) Importer(815301076,1909f56bfc062723c751e8b465ee728b)  -> (artifact id: 'a5fc7abb4f3fb30b90e46f31f1911811') in 0.022430 seconds 
========================================================================
Received Import Request.
  Time since last request: 3.480843 seconds.
  path: Assets/Textures/PlayerImages/Ronaldo.png
  artifactKey: Guid(4f564941f18c40b44bc6e057220f86d1) Importer(815301076,1909f56bfc062723c751e8b465ee728b)
Start importing Assets/Textures/PlayerImages/Ronaldo.png using Guid(4f564941f18c40b44bc6e057220f86d1) Importer(815301076,1909f56bfc062723c751e8b465ee728b)  -> (artifact id: '30c8aea2812299d0b662b2ba2d82cb39') in 0.022684 seconds 
========================================================================
Received Import Request.
  Time since last request: 14.324810 seconds.
  path: Assets/Textures/PlayerImages/Kante.png
  artifactKey: Guid(eb6d3b5514aa72c4e8c164d1e2414cb1) Importer(815301076,1909f56bfc062723c751e8b465ee728b)
Start importing Assets/Textures/PlayerImages/Kante.png using Guid(eb6d3b5514aa72c4e8c164d1e2414cb1) Importer(815301076,1909f56bfc062723c751e8b465ee728b)  -> (artifact id: '9e7f94eaadd5e13c2268266156ba2732') in 0.019717 seconds 
========================================================================
Received Import Request.
  Time since last request: 3.047704 seconds.
  path: Assets/Textures/PlayerImages/BernardoSilva.png
  artifactKey: Guid(770d6a12c582a1c4bb0f484273824611) Importer(815301076,1909f56bfc062723c751e8b465ee728b)
Start importing Assets/Textures/PlayerImages/BernardoSilva.png using Guid(770d6a12c582a1c4bb0f484273824611) Importer(815301076,1909f56bfc062723c751e8b465ee728b)  -> (artifact id: 'e109a75d6aa2563d030415b9b5114ea5') in 0.020941 seconds 
========================================================================
Received Import Request.
  Time since last request: 12.877464 seconds.
  path: Assets/Textures/PlayerImages/RubenDias.png
  artifactKey: Guid(593112a3063ca2a408a6df4d0a15412f) Importer(815301076,1909f56bfc062723c751e8b465ee728b)
Start importing Assets/Textures/PlayerImages/RubenDias.png using Guid(593112a3063ca2a408a6df4d0a15412f) Importer(815301076,1909f56bfc062723c751e8b465ee728b)  -> (artifact id: '59ebf8b21b7c29d79a6c7bbad66edfb2') in 0.026512 seconds 
========================================================================
Received Import Request.
  Time since last request: 4.421322 seconds.
  path: Assets/Textures/PlayerImages/Casemiro.png
  artifactKey: Guid(6b7c40c10b04d844f847a8313d338281) Importer(815301076,1909f56bfc062723c751e8b465ee728b)
Start importing Assets/Textures/PlayerImages/Casemiro.png using Guid(6b7c40c10b04d844f847a8313d338281) Importer(815301076,1909f56bfc062723c751e8b465ee728b)  -> (artifact id: '0e0184d697aa5922291d9f14300a2e81') in 0.053102 seconds 
========================================================================
Received Import Request.
  Time since last request: 3.073373 seconds.
  path: Assets/Textures/PlayerImages/Allison.png
  artifactKey: Guid(52700a9f2c68b734f98d059e22e2a084) Importer(815301076,1909f56bfc062723c751e8b465ee728b)
Start importing Assets/Textures/PlayerImages/Allison.png using Guid(52700a9f2c68b734f98d059e22e2a084) Importer(815301076,1909f56bfc062723c751e8b465ee728b)  -> (artifact id: 'b04791e46f6ac5b45b04d5c02dce36ac') in 0.020937 seconds 
========================================================================
Received Import Request.
  Time since last request: 3.653810 seconds.
  path: Assets/Textures/PlayerImages/Courtois.png
  artifactKey: Guid(989dedebcec4c234fa71da4e254b6864) Importer(815301076,1909f56bfc062723c751e8b465ee728b)
Start importing Assets/Textures/PlayerImages/Courtois.png using Guid(989dedebcec4c234fa71da4e254b6864) Importer(815301076,1909f56bfc062723c751e8b465ee728b)  -> (artifact id: '47eee06599cc20638b9efe3e79ca97be') in 0.164867 seconds 
========================================================================
Received Import Request.
  Time since last request: 4.730321 seconds.
  path: Assets/Textures/PlayerImages/Haaland.png
  artifactKey: Guid(f1b6ea7bbf02fba41ab218b22a5b4517) Importer(815301076,1909f56bfc062723c751e8b465ee728b)
Start importing Assets/Textures/PlayerImages/Haaland.png using Guid(f1b6ea7bbf02fba41ab218b22a5b4517) Importer(815301076,1909f56bfc062723c751e8b465ee728b)  -> (artifact id: 'd7153c3d189f8409bff70d69e58f7994') in 0.022514 seconds 
========================================================================
Received Import Request.
  Time since last request: 4.925670 seconds.
  path: Assets/Textures/PlayerImages/Messi.png
  artifactKey: Guid(730ed81e932f5b64ab58203b823d5b7b) Importer(815301076,1909f56bfc062723c751e8b465ee728b)
Start importing Assets/Textures/PlayerImages/Messi.png using Guid(730ed81e932f5b64ab58203b823d5b7b) Importer(815301076,1909f56bfc062723c751e8b465ee728b)  -> (artifact id: '6f4d1e4dcf4887a637d3d74113688292') in 0.020213 seconds 
========================================================================
Received Import Request.
  Time since last request: 3.676654 seconds.
  path: Assets/Textures/PlayerImages/DeBruyne.png
  artifactKey: Guid(14c814819bc8c914c9da1e98f23c4278) Importer(815301076,1909f56bfc062723c751e8b465ee728b)
Start importing Assets/Textures/PlayerImages/DeBruyne.png using Guid(14c814819bc8c914c9da1e98f23c4278) Importer(815301076,1909f56bfc062723c751e8b465ee728b)  -> (artifact id: 'dc83b8b47ea769eab1c63f6116d41eab') in 0.022440 seconds 
========================================================================
Received Import Request.
  Time since last request: 3.364473 seconds.
  path: Assets/Textures/PlayerImages/Hazard.png
  artifactKey: Guid(d2c38e3b5c02f4d40adda91c3f875536) Importer(815301076,1909f56bfc062723c751e8b465ee728b)
Start importing Assets/Textures/PlayerImages/Hazard.png using Guid(d2c38e3b5c02f4d40adda91c3f875536) Importer(815301076,1909f56bfc062723c751e8b465ee728b)  -> (artifact id: '52ec7ef67d3f22c5d4ef90f80928b0d5') in 0.020712 seconds 
========================================================================
Received Import Request.
  Time since last request: 3.723649 seconds.
  path: Assets/Textures/PlayerImages/Son.png
  artifactKey: Guid(c11027bb1cca901448fdcf644c969a41) Importer(815301076,1909f56bfc062723c751e8b465ee728b)
Start importing Assets/Textures/PlayerImages/Son.png using Guid(c11027bb1cca901448fdcf644c969a41) Importer(815301076,1909f56bfc062723c751e8b465ee728b)  -> (artifact id: '3cdcff132c790b24e29659a925b602b7') in 0.022983 seconds 
========================================================================
Received Import Request.
  Time since last request: 6.695508 seconds.
  path: Assets/Textures/PlayerImages/vandijk.png
  artifactKey: Guid(a246e11e169827c4db12a1ca9db44418) Importer(815301076,1909f56bfc062723c751e8b465ee728b)
Start importing Assets/Textures/PlayerImages/vandijk.png using Guid(a246e11e169827c4db12a1ca9db44418) Importer(815301076,1909f56bfc062723c751e8b465ee728b)  -> (artifact id: '188ba8a005d9a5a6a783c2471499be66') in 0.021225 seconds 
========================================================================
Received Import Request.
  Time since last request: 55.459954 seconds.
  path: Assets/Materials/Messi.mat
  artifactKey: Guid(9851a807566d47741b4f0cc308a303aa) Importer(815301076,1909f56bfc062723c751e8b465ee728b)
Start importing Assets/Materials/Messi.mat using Guid(9851a807566d47741b4f0cc308a303aa) Importer(815301076,1909f56bfc062723c751e8b465ee728b)  -> (artifact id: 'd60cde71c7e2248bb21b55aa77c72f05') in 0.090487 seconds 
========================================================================
Received Import Request.
  Time since last request: 228.611279 seconds.
  path: Assets/Materials/Dybala.mat
  artifactKey: Guid(81d3d341928d247498a125cfa32d17d9) Importer(815301076,1909f56bfc062723c751e8b465ee728b)
Start importing Assets/Materials/Dybala.mat using Guid(81d3d341928d247498a125cfa32d17d9) Importer(815301076,1909f56bfc062723c751e8b465ee728b)  -> (artifact id: 'a49d93de0b00014764975bd9c43ee51a') in 0.436308 seconds 
========================================================================
Received Import Request.
  Time since last request: 6.288544 seconds.
  path: Assets/Materials/Players
  artifactKey: Guid(81d66f6ac6cf1ce45b56351821852f3e) Importer(815301076,1909f56bfc062723c751e8b465ee728b)
Start importing Assets/Materials/Players using Guid(81d66f6ac6cf1ce45b56351821852f3e) Importer(815301076,1909f56bfc062723c751e8b465ee728b)  -> (artifact id: '010b9a01ecf6d6fa3ddfa8e6dfed500d') in 0.013436 seconds 
========================================================================
Received Import Request.
  Time since last request: 20.939359 seconds.
  path: Assets/Materials/Players/Ronaldo.mat
  artifactKey: Guid(778b34189aa3a644289504cb4d6bb611) Importer(815301076,1909f56bfc062723c751e8b465ee728b)
Start importing Assets/Materials/Players/Ronaldo.mat using Guid(778b34189aa3a644289504cb4d6bb611) Importer(815301076,1909f56bfc062723c751e8b465ee728b)  -> (artifact id: '9939cf33ad65fc8ce8f7b94a20c13081') in 0.011819 seconds 
========================================================================
Received Import Request.
  Time since last request: 57.074957 seconds.
  path: Assets/Materials/Players/Kante.mat
  artifactKey: Guid(6ca4cff60cb9ab24bb45ad19e49de680) Importer(815301076,1909f56bfc062723c751e8b465ee728b)
Start importing Assets/Materials/Players/Kante.mat using Guid(6ca4cff60cb9ab24bb45ad19e49de680) Importer(815301076,1909f56bfc062723c751e8b465ee728b)  -> (artifact id: '74d524d438ef43596cd550cace20f2c4') in 0.012822 seconds 
========================================================================
Received Import Request.
  Time since last request: 25.604675 seconds.
  path: Assets/Materials/Players/Allison.mat
  artifactKey: Guid(f8f22b33a85282c419b8ef0f790988a0) Importer(815301076,1909f56bfc062723c751e8b465ee728b)
Start importing Assets/Materials/Players/Allison.mat using Guid(f8f22b33a85282c419b8ef0f790988a0) Importer(815301076,1909f56bfc062723c751e8b465ee728b)  -> (artifact id: '8d8a5a65fda3b79808b8acf73fb1a5c8') in 0.011459 seconds 
========================================================================
Received Import Request.
  Time since last request: 15.450829 seconds.
  path: Assets/Materials/Players/BernardoSilva.mat
  artifactKey: Guid(95ef1ae8159309e46a9419bff6a19afc) Importer(815301076,1909f56bfc062723c751e8b465ee728b)
Start importing Assets/Materials/Players/BernardoSilva.mat using Guid(95ef1ae8159309e46a9419bff6a19afc) Importer(815301076,1909f56bfc062723c751e8b465ee728b)  -> (artifact id: 'a6cd3773b70a031d5501868e1dda00f1') in 0.011617 seconds 
========================================================================
Received Import Request.
  Time since last request: 16.384946 seconds.
  path: Assets/Materials/Players/BrunoFernandez.mat
  artifactKey: Guid(c0449dd4961df6645a71febf67bee4cb) Importer(815301076,1909f56bfc062723c751e8b465ee728b)
Start importing Assets/Materials/Players/BrunoFernandez.mat using Guid(c0449dd4961df6645a71febf67bee4cb) Importer(815301076,1909f56bfc062723c751e8b465ee728b)  -> (artifact id: 'e0ca18af35731fecfba7cd3fbf110dac') in 0.011516 seconds 
========================================================================
Received Import Request.
  Time since last request: 17.318761 seconds.
  path: Assets/Materials/Players/Cancelo.mat
  artifactKey: Guid(368b07bbb075df44bbe6108a8fafe651) Importer(815301076,1909f56bfc062723c751e8b465ee728b)
Start importing Assets/Materials/Players/Cancelo.mat using Guid(368b07bbb075df44bbe6108a8fafe651) Importer(815301076,1909f56bfc062723c751e8b465ee728b)  -> (artifact id: '67c4096db84763f5cf7720cab66c1f06') in 0.012701 seconds 
========================================================================
Received Import Request.
  Time since last request: 14.996916 seconds.
  path: Assets/Materials/Players/Casemiro.mat
  artifactKey: Guid(e24531ea6148a2f47957afb54e6e4a0f) Importer(815301076,1909f56bfc062723c751e8b465ee728b)
Start importing Assets/Materials/Players/Casemiro.mat using Guid(e24531ea6148a2f47957afb54e6e4a0f) Importer(815301076,1909f56bfc062723c751e8b465ee728b)  -> (artifact id: 'f635c8ded4a479ca89bd247d9ee10ca1') in 0.012082 seconds 
========================================================================
Received Import Request.
  Time since last request: 18.924889 seconds.
  path: Assets/Materials/Players/Courtois.mat
  artifactKey: Guid(4b7c3a8e9add03d4ba584b6e4bcd5410) Importer(815301076,1909f56bfc062723c751e8b465ee728b)
Start importing Assets/Materials/Players/Courtois.mat using Guid(4b7c3a8e9add03d4ba584b6e4bcd5410) Importer(815301076,1909f56bfc062723c751e8b465ee728b)  -> (artifact id: '6993b24120b339f32b6a5666d48b84a1') in 0.012837 seconds 
========================================================================
Received Import Request.
  Time since last request: 16.981955 seconds.
  path: Assets/Materials/Players/DeBruyne.mat
  artifactKey: Guid(e71e7b2916bf3fd48bd3ff5631b46edd) Importer(815301076,1909f56bfc062723c751e8b465ee728b)
Start importing Assets/Materials/Players/DeBruyne.mat using Guid(e71e7b2916bf3fd48bd3ff5631b46edd) Importer(815301076,1909f56bfc062723c751e8b465ee728b)  -> (artifact id: '45369b9575a966f8424784ca43d50b94') in 0.010706 seconds 
========================================================================
Received Import Request.
  Time since last request: 58.076494 seconds.
  path: Assets/Materials/Players/Haaland.mat
  artifactKey: Guid(2707d8b52cf948845a89faf4f793db5e) Importer(815301076,1909f56bfc062723c751e8b465ee728b)
Start importing Assets/Materials/Players/Haaland.mat using Guid(2707d8b52cf948845a89faf4f793db5e) Importer(815301076,1909f56bfc062723c751e8b465ee728b)  -> (artifact id: 'f52f871012c2ab16733c7ee5744bb746') in 0.012187 seconds 
========================================================================
Received Import Request.
  Time since last request: 17.364819 seconds.
  path: Assets/Materials/Players/Hazard.mat
  artifactKey: Guid(8d953901f0054cc49be5d66252db809f) Importer(815301076,1909f56bfc062723c751e8b465ee728b)
Start importing Assets/Materials/Players/Hazard.mat using Guid(8d953901f0054cc49be5d66252db809f) Importer(815301076,1909f56bfc062723c751e8b465ee728b)  -> (artifact id: '51295a58f242598151588d6a3a72cfaa') in 0.010447 seconds 
========================================================================
Received Import Request.
  Time since last request: 440.142457 seconds.
  path: Assets/Prefabs/Player.prefab
  artifactKey: Guid(b51be3e74a0cf6a4ba7b1d1e5a68e5b6) Importer(815301076,1909f56bfc062723c751e8b465ee728b)
Start importing Assets/Prefabs/Player.prefab using Guid(b51be3e74a0cf6a4ba7b1d1e5a68e5b6) Importer(815301076,1909f56bfc062723c751e8b465ee728b)  -> (artifact id: '939943e5b0f531fc1eb94151a889993a') in 0.047221 seconds 
========================================================================
Received Import Request.
  Time since last request: 308.966811 seconds.
  path: Assets/Materials/Players/VanDijk.mat
  artifactKey: Guid(39a2dea711859b74bbb1da4871725674) Importer(815301076,1909f56bfc062723c751e8b465ee728b)
Start importing Assets/Materials/Players/VanDijk.mat using Guid(39a2dea711859b74bbb1da4871725674) Importer(815301076,1909f56bfc062723c751e8b465ee728b)  -> (artifact id: '900ec6ed9b1016b4ac2e5e71519f5e70') in 0.027938 seconds 
========================================================================
Received Import Request.
  Time since last request: 63.567134 seconds.
  path: Assets/Materials/Players/RubenDiaz.mat
  artifactKey: Guid(32ea78831c03e3c46886d01bddf080d8) Importer(815301076,1909f56bfc062723c751e8b465ee728b)
Start importing Assets/Materials/Players/RubenDiaz.mat using Guid(32ea78831c03e3c46886d01bddf080d8) Importer(815301076,1909f56bfc062723c751e8b465ee728b)  -> (artifact id: '2db58770ec35c9e6e2f0b1fea5ac06b4') in 0.022349 seconds 
========================================================================
Received Prepare
Registering precompiled user dll's ...
Registered in 0.008745 seconds.
Begin MonoManager ReloadAssembly
Symbol file LoadedFromMemory doesn't match image C:\Dev\unity\Football Stadium 3D\Library\PackageCache\com.unity.visualscripting@1.7.8\Editor\VisualScripting.Core\Dependencies\YamlDotNet\Unity.VisualScripting.YamlDotNet.dll
Symbol file LoadedFromMemory doesn't match image C:\Dev\unity\Football Stadium 3D\Library\PackageCache\com.unity.visualscripting@1.7.8\Editor\VisualScripting.Core\Dependencies\DotNetZip\Unity.VisualScripting.IonicZip.dll
Native extension for WindowsStandalone target not found
Native extension for WebGL target not found
Refreshing native plugins compatible for Editor in 1.45 ms, found 3 plugins.
Preloading 0 native plugins for Editor in 0.00 ms.
Mono: successfully reloaded assembly
- Completed reload, in  3.997 seconds
Domain Reload Profiling:
	ReloadAssembly (4013ms)
		BeginReloadAssembly (334ms)
			ExecutionOrderSort (0ms)
			DisableScriptedObjects (14ms)
			BackupInstance (0ms)
			ReleaseScriptingObjects (0ms)
			CreateAndSetChildDomain (87ms)
		EndReloadAssembly (3241ms)
			LoadAssemblies (244ms)
			RebuildTransferFunctionScriptingTraits (0ms)
			SetupTypeCache (927ms)
			ReleaseScriptCaches (3ms)
			RebuildScriptCaches (176ms)
			SetupLoadedEditorAssemblies (1574ms)
				LogAssemblyErrors (0ms)
				InitializePlatformSupportModulesInManaged (59ms)
				SetLoadedEditorAssemblies (4ms)
				RefreshPlugins (2ms)
				BeforeProcessingInitializeOnLoad (325ms)
				ProcessInitializeOnLoadAttributes (1023ms)
				ProcessInitializeOnLoadMethodAttributes (131ms)
				AfterProcessingInitializeOnLoad (28ms)
				EditorAssembliesLoaded (2ms)
			ExecutionOrderSort2 (0ms)
			AwakeInstancesAfterBackupRestoration (27ms)
Platform modules already initialized, skipping
Refreshing native plugins compatible for Editor in 21.38 ms, found 3 plugins.
Preloading 0 native plugins for Editor in 0.00 ms.
Unloading 3499 Unused Serialized files (Serialized files now loaded: 0)
Unloading 34 unused Assets / (53.7 KB). Loaded Objects now: 4024.
Memory consumption went from 124.3 MB to 124.2 MB.
Total: 14.210500 ms (FindLiveObjects: 0.799900 ms CreateObjectMapping: 0.557000 ms MarkObjects: 12.671000 ms  DeleteObjects: 0.179800 ms)

AssetImportParameters requested are different than current active one (requested -> active):
  custom:video-decoder-ogg-theora: a1e56fd34408186e4bbccfd4996cb3dc -> 
  custom:container-muxer-webm: aa71ff27fc2769a1b78a27578f13a17b -> 
  custom:container-demuxer-webm: 4f35f7cbe854078d1ac9338744f61a02 -> 
  custom:video-encoder-webm-vp8: eb34c28f22e8b96e1ab97ce403110664 -> 
  custom:audio-encoder-webm-vorbis: bf7c407c2cedff20999df2af8eb42d56 -> 
  custom:framework-win-MediaFoundation: 216162199b28c13a410421893ffa2e32 -> 
  custom:container-demuxer-ogg: 62fdf1f143b41e24485cea50d1cbac27 -> 
  custom:video-decoder-webm-vp8: 9c59270c3fd7afecdb556c50c9e8de78 -> 
  custom:audio-decoder-ogg-vorbis: bf7c407c2cedff20999df2af8eb42d56 -> 
========================================================================
Received Import Request.
  Time since last request: 437.873917 seconds.
  path: Assets/Scripts/ColorSet.cs
  artifactKey: Guid(f3327be54fa032242bd620aab0c48ed1) Importer(815301076,1909f56bfc062723c751e8b465ee728b)
Start importing Assets/Scripts/ColorSet.cs using Guid(f3327be54fa032242bd620aab0c48ed1) Importer(815301076,1909f56bfc062723c751e8b465ee728b)  -> (artifact id: 'f50697a8224fad86dbde39695fc91906') in 0.020314 seconds 
========================================================================
Received Prepare
Registering precompiled user dll's ...
Registered in 0.011833 seconds.
Begin MonoManager ReloadAssembly
Symbol file LoadedFromMemory doesn't match image C:\Dev\unity\Football Stadium 3D\Library\PackageCache\com.unity.visualscripting@1.7.8\Editor\VisualScripting.Core\Dependencies\YamlDotNet\Unity.VisualScripting.YamlDotNet.dll
Symbol file LoadedFromMemory doesn't match image C:\Dev\unity\Football Stadium 3D\Library\PackageCache\com.unity.visualscripting@1.7.8\Editor\VisualScripting.Core\Dependencies\DotNetZip\Unity.VisualScripting.IonicZip.dll
Native extension for WindowsStandalone target not found
Native extension for WebGL target not found
Refreshing native plugins compatible for Editor in 1.59 ms, found 3 plugins.
Preloading 0 native plugins for Editor in 0.00 ms.
Mono: successfully reloaded assembly
- Completed reload, in  2.833 seconds
Domain Reload Profiling:
	ReloadAssembly (2836ms)
		BeginReloadAssembly (340ms)
			ExecutionOrderSort (0ms)
			DisableScriptedObjects (32ms)
			BackupInstance (0ms)
			ReleaseScriptingObjects (0ms)
			CreateAndSetChildDomain (84ms)
		EndReloadAssembly (2195ms)
			LoadAssemblies (233ms)
			RebuildTransferFunctionScriptingTraits (0ms)
			SetupTypeCache (617ms)
			ReleaseScriptCaches (2ms)
			RebuildScriptCaches (147ms)
			SetupLoadedEditorAssemblies (1010ms)
				LogAssemblyErrors (0ms)
				InitializePlatformSupportModulesInManaged (30ms)
				SetLoadedEditorAssemblies (1ms)
				RefreshPlugins (2ms)
				BeforeProcessingInitializeOnLoad (155ms)
				ProcessInitializeOnLoadAttributes (695ms)
				ProcessInitializeOnLoadMethodAttributes (108ms)
				AfterProcessingInitializeOnLoad (18ms)
				EditorAssembliesLoaded (1ms)
			ExecutionOrderSort2 (0ms)
			AwakeInstancesAfterBackupRestoration (25ms)
Platform modules already initialized, skipping
Refreshing native plugins compatible for Editor in 12.43 ms, found 3 plugins.
Preloading 0 native plugins for Editor in 0.00 ms.
Unloading 3500 Unused Serialized files (Serialized files now loaded: 0)
Unloading 34 unused Assets / (53.7 KB). Loaded Objects now: 4028.
Memory consumption went from 124.3 MB to 124.3 MB.
Total: 15.256500 ms (FindLiveObjects: 0.522300 ms CreateObjectMapping: 0.484700 ms MarkObjects: 14.053000 ms  DeleteObjects: 0.193600 ms)

AssetImportParameters requested are different than current active one (requested -> active):
  custom:video-decoder-ogg-theora: a1e56fd34408186e4bbccfd4996cb3dc -> 
  custom:container-muxer-webm: aa71ff27fc2769a1b78a27578f13a17b -> 
  custom:container-demuxer-webm: 4f35f7cbe854078d1ac9338744f61a02 -> 
  custom:video-encoder-webm-vp8: eb34c28f22e8b96e1ab97ce403110664 -> 
  custom:audio-encoder-webm-vorbis: bf7c407c2cedff20999df2af8eb42d56 -> 
  custom:framework-win-MediaFoundation: 216162199b28c13a410421893ffa2e32 -> 
  custom:container-demuxer-ogg: 62fdf1f143b41e24485cea50d1cbac27 -> 
  custom:video-decoder-webm-vp8: 9c59270c3fd7afecdb556c50c9e8de78 -> 
  custom:audio-decoder-ogg-vorbis: bf7c407c2cedff20999df2af8eb42d56 -> 
========================================================================
Received Import Request.
  Time since last request: 91.820596 seconds.
  path: Assets/Materials/Home Team.mat
  artifactKey: Guid(1aadafa4b4252a246bbb379427470f2d) Importer(815301076,1909f56bfc062723c751e8b465ee728b)
Start importing Assets/Materials/Home Team.mat using Guid(1aadafa4b4252a246bbb379427470f2d) Importer(815301076,1909f56bfc062723c751e8b465ee728b)  -> (artifact id: 'e47d8e984f386b10d988d14aa8c5fe32') in 0.721599 seconds 
========================================================================
Received Prepare
Registering precompiled user dll's ...
Registered in 0.008613 seconds.
Begin MonoManager ReloadAssembly
Symbol file LoadedFromMemory doesn't match image C:\Dev\unity\Football Stadium 3D\Library\PackageCache\com.unity.visualscripting@1.7.8\Editor\VisualScripting.Core\Dependencies\YamlDotNet\Unity.VisualScripting.YamlDotNet.dll
Symbol file LoadedFromMemory doesn't match image C:\Dev\unity\Football Stadium 3D\Library\PackageCache\com.unity.visualscripting@1.7.8\Editor\VisualScripting.Core\Dependencies\DotNetZip\Unity.VisualScripting.IonicZip.dll
Native extension for WindowsStandalone target not found
Native extension for WebGL target not found
Refreshing native plugins compatible for Editor in 2.11 ms, found 3 plugins.
Preloading 0 native plugins for Editor in 0.00 ms.
Mono: successfully reloaded assembly
- Completed reload, in  3.789 seconds
Domain Reload Profiling:
	ReloadAssembly (3793ms)
		BeginReloadAssembly (293ms)
			ExecutionOrderSort (0ms)
			DisableScriptedObjects (11ms)
			BackupInstance (0ms)
			ReleaseScriptingObjects (0ms)
			CreateAndSetChildDomain (79ms)
		EndReloadAssembly (3254ms)
			LoadAssemblies (215ms)
			RebuildTransferFunctionScriptingTraits (0ms)
			SetupTypeCache (933ms)
			ReleaseScriptCaches (4ms)
			RebuildScriptCaches (193ms)
			SetupLoadedEditorAssemblies (1614ms)
				LogAssemblyErrors (0ms)
				InitializePlatformSupportModulesInManaged (55ms)
				SetLoadedEditorAssemblies (5ms)
				RefreshPlugins (2ms)
				BeforeProcessingInitializeOnLoad (315ms)
				ProcessInitializeOnLoadAttributes (1078ms)
				ProcessInitializeOnLoadMethodAttributes (133ms)
				AfterProcessingInitializeOnLoad (26ms)
				EditorAssembliesLoaded (1ms)
			ExecutionOrderSort2 (0ms)
			AwakeInstancesAfterBackupRestoration (30ms)
Platform modules already initialized, skipping
Refreshing native plugins compatible for Editor in 17.11 ms, found 3 plugins.
Preloading 0 native plugins for Editor in 0.00 ms.
Unloading 3500 Unused Serialized files (Serialized files now loaded: 0)
Unloading 34 unused Assets / (53.7 KB). Loaded Objects now: 4031.
Memory consumption went from 124.3 MB to 124.3 MB.
Total: 11.704300 ms (FindLiveObjects: 0.779900 ms CreateObjectMapping: 0.806400 ms MarkObjects: 9.898500 ms  DeleteObjects: 0.217300 ms)

AssetImportParameters requested are different than current active one (requested -> active):
  custom:video-decoder-ogg-theora: a1e56fd34408186e4bbccfd4996cb3dc -> 
  custom:container-muxer-webm: aa71ff27fc2769a1b78a27578f13a17b -> 
  custom:container-demuxer-webm: 4f35f7cbe854078d1ac9338744f61a02 -> 
  custom:video-encoder-webm-vp8: eb34c28f22e8b96e1ab97ce403110664 -> 
  custom:audio-encoder-webm-vorbis: bf7c407c2cedff20999df2af8eb42d56 -> 
  custom:framework-win-MediaFoundation: 216162199b28c13a410421893ffa2e32 -> 
  custom:container-demuxer-ogg: 62fdf1f143b41e24485cea50d1cbac27 -> 
  custom:video-decoder-webm-vp8: 9c59270c3fd7afecdb556c50c9e8de78 -> 
  custom:audio-decoder-ogg-vorbis: bf7c407c2cedff20999df2af8eb42d56 -> 
========================================================================
Received Import Request.
  Time since last request: 281.437106 seconds.
  path: Assets/Materials/Home Team.mat
  artifactKey: Guid(1aadafa4b4252a246bbb379427470f2d) Importer(815301076,1909f56bfc062723c751e8b465ee728b)
Start importing Assets/Materials/Home Team.mat using Guid(1aadafa4b4252a246bbb379427470f2d) Importer(815301076,1909f56bfc062723c751e8b465ee728b)  -> (artifact id: '1e2fb70f407849a94006cb6dfd376bc5') in 0.594009 seconds 
